{"timestamp":"2025-09-04T03:29:28.718061Z","level":"INFO","fields":{"message":"Initilizing"},"target":"bs"}
{"timestamp":"2025-09-04T03:29:28.718163Z","level":"INFO","fields":{"message":"Starting watcher"},"target":"bs_site_builder::watcher"}
{"timestamp":"2025-09-04T03:29:28.718904Z","level":"INFO","fields":{"message":"Starting web server"},"target":"bs_site_builder::server"}
{"timestamp":"2025-09-04T03:29:28.719021Z","level":"INFO","fields":{"message":"Found port for web server: 5444"},"target":"bs_site_builder::server"}
{"timestamp":"2025-09-04T03:29:28.719426Z","level":"INFO","fields":{"message":"Starting builder"},"target":"bs_site_builder::builder"}
{"timestamp":"2025-09-04T03:29:28.719439Z","level":"INFO","fields":{"message":"Building site"},"target":"bs_site_builder::builder"}
{"timestamp":"2025-09-04T03:29:28.719825Z","level":"INFO","fields":{"message":"Reloading browser"},"target":"bs_site_builder::builder"}
{"timestamp":"2025-09-04T03:29:28.720168Z","level":"INFO","fields":{"message":"obtaining pathset","config_pathset":"[WatchedPath { path: \"content\", recursive: true }]"},"target":"watchexec::sources::fs"}
{"timestamp":"2025-09-04T03:31:25.699389Z","level":"INFO","fields":{"message":"Initilizing"},"target":"bs"}
{"timestamp":"2025-09-04T03:31:25.699499Z","level":"INFO","fields":{"message":"Starting watcher"},"target":"bs_site_builder::watcher"}
{"timestamp":"2025-09-04T03:31:25.699537Z","level":"INFO","fields":{"message":"Starting web server"},"target":"bs_site_builder::server"}
{"timestamp":"2025-09-04T03:31:25.699539Z","level":"INFO","fields":{"message":"Starting builder"},"target":"bs_site_builder::builder"}
{"timestamp":"2025-09-04T03:31:25.699593Z","level":"INFO","fields":{"message":"Building site"},"target":"bs_site_builder::builder"}
{"timestamp":"2025-09-04T03:31:25.699639Z","level":"INFO","fields":{"message":"obtaining pathset","config_pathset":"[WatchedPath { path: \"content\", recursive: true }]"},"target":"watchexec::sources::fs"}
{"timestamp":"2025-09-04T03:31:25.699682Z","level":"INFO","fields":{"message":"Found port for web server: 5444"},"target":"bs_site_builder::server"}
{"timestamp":"2025-09-04T03:31:25.720103Z","level":"INFO","fields":{"message":"Reloading browser"},"target":"bs_site_builder::builder"}
{"timestamp":"2025-09-04T03:31:54.331336Z","level":"INFO","fields":{"message":"Building site"},"target":"bs_site_builder::builder"}
{"timestamp":"2025-09-04T03:31:54.375917Z","level":"INFO","fields":{"message":"Reloading browser"},"target":"bs_site_builder::builder"}
{"timestamp":"2025-09-04T03:33:04.825623Z","level":"INFO","fields":{"message":"Building site"},"target":"bs_site_builder::builder"}
{"timestamp":"2025-09-04T03:33:04.873914Z","level":"INFO","fields":{"message":"Reloading browser"},"target":"bs_site_builder::builder"}
{"timestamp":"2025-09-04T03:33:26.482640Z","level":"INFO","fields":{"message":"Building site"},"target":"bs_site_builder::builder"}
{"timestamp":"2025-09-04T03:33:26.536409Z","level":"INFO","fields":{"message":"Reloading browser"},"target":"bs_site_builder::builder"}
{"timestamp":"2025-09-04T03:33:38.844831Z","level":"INFO","fields":{"message":"Initilizing"},"target":"bs"}
{"timestamp":"2025-09-04T03:33:38.844954Z","level":"INFO","fields":{"message":"Starting watcher"},"target":"bs_site_builder::watcher"}
{"timestamp":"2025-09-04T03:33:38.844973Z","level":"INFO","fields":{"message":"Starting web server"},"target":"bs_site_builder::server"}
{"timestamp":"2025-09-04T03:33:38.844991Z","level":"INFO","fields":{"message":"Starting builder"},"target":"bs_site_builder::builder"}
{"timestamp":"2025-09-04T03:33:38.845053Z","level":"INFO","fields":{"message":"Building site"},"target":"bs_site_builder::builder"}
{"timestamp":"2025-09-04T03:33:38.845098Z","level":"INFO","fields":{"message":"Found port for web server: 5444"},"target":"bs_site_builder::server"}
{"timestamp":"2025-09-04T03:33:38.845141Z","level":"INFO","fields":{"message":"obtaining pathset","config_pathset":"[WatchedPath { path: \"content\", recursive: true }]"},"target":"watchexec::sources::fs"}
{"timestamp":"2025-09-04T03:33:38.876968Z","level":"INFO","fields":{"message":"Reloading browser"},"target":"bs_site_builder::builder"}
{"timestamp":"2025-09-04T03:34:08.009951Z","level":"INFO","fields":{"message":"Building site"},"target":"bs_site_builder::builder"}
{"timestamp":"2025-09-04T03:34:08.056278Z","level":"INFO","fields":{"message":"Reloading browser"},"target":"bs_site_builder::builder"}
{"timestamp":"2025-09-04T03:35:45.433407Z","level":"INFO","fields":{"message":"Initilizing"},"target":"bs"}
{"timestamp":"2025-09-04T03:35:45.433461Z","level":"INFO","fields":{"message":"Starting watcher"},"target":"bs_site_builder::watcher"}
{"timestamp":"2025-09-04T03:35:45.433499Z","level":"INFO","fields":{"message":"Starting builder"},"target":"bs_site_builder::builder"}
{"timestamp":"2025-09-04T03:35:45.433503Z","level":"INFO","fields":{"message":"Building site"},"target":"bs_site_builder::builder"}
{"timestamp":"2025-09-04T03:35:45.433497Z","level":"INFO","fields":{"message":"Starting web server"},"target":"bs_site_builder::server"}
{"timestamp":"2025-09-04T03:35:45.433583Z","level":"INFO","fields":{"message":"obtaining pathset","config_pathset":"[WatchedPath { path: \"content\", recursive: true }]"},"target":"watchexec::sources::fs"}
{"timestamp":"2025-09-04T03:35:45.433595Z","level":"INFO","fields":{"message":"Found port for web server: 5444"},"target":"bs_site_builder::server"}
{"timestamp":"2025-09-04T03:35:45.687507Z","level":"INFO","fields":{"message":"Reloading browser"},"target":"bs_site_builder::builder"}
{"timestamp":"2025-09-04T03:37:21.878963Z","level":"INFO","fields":{"message":"Building site"},"target":"bs_site_builder::builder"}
{"timestamp":"2025-09-04T03:37:22.109495Z","level":"INFO","fields":{"message":"Reloading browser"},"target":"bs_site_builder::builder"}
{"timestamp":"2025-09-04T03:37:28.901019Z","level":"INFO","fields":{"message":"Building site"},"target":"bs_site_builder::builder"}
{"timestamp":"2025-09-04T03:37:29.124220Z","level":"INFO","fields":{"message":"Reloading browser"},"target":"bs_site_builder::builder"}
{"timestamp":"2025-09-04T03:38:00.813134Z","level":"INFO","fields":{"message":"Building site"},"target":"bs_site_builder::builder"}
{"timestamp":"2025-09-04T03:38:01.043693Z","level":"INFO","fields":{"message":"Reloading browser"},"target":"bs_site_builder::builder"}
{"timestamp":"2025-09-04T03:39:14.122567Z","level":"INFO","fields":{"message":"Building site"},"target":"bs_site_builder::builder"}
{"timestamp":"2025-09-04T03:39:14.360087Z","level":"INFO","fields":{"message":"Reloading browser"},"target":"bs_site_builder::builder"}
{"timestamp":"2025-09-04T03:39:22.172417Z","level":"INFO","fields":{"message":"Building site"},"target":"bs_site_builder::builder"}
{"timestamp":"2025-09-04T03:39:22.399605Z","level":"INFO","fields":{"message":"Reloading browser"},"target":"bs_site_builder::builder"}
{"timestamp":"2025-09-04T03:39:34.681533Z","level":"INFO","fields":{"message":"Building site"},"target":"bs_site_builder::builder"}
{"timestamp":"2025-09-04T03:39:35.016087Z","level":"INFO","fields":{"message":"Reloading browser"},"target":"bs_site_builder::builder"}
{"timestamp":"2025-09-04T03:39:42.908122Z","level":"INFO","fields":{"message":"Building site"},"target":"bs_site_builder::builder"}
{"timestamp":"2025-09-04T03:39:43.136202Z","level":"INFO","fields":{"message":"Reloading browser"},"target":"bs_site_builder::builder"}
{"timestamp":"2025-09-04T03:40:13.252572Z","level":"INFO","fields":{"message":"Building site"},"target":"bs_site_builder::builder"}
{"timestamp":"2025-09-04T03:40:13.510454Z","level":"INFO","fields":{"message":"Reloading browser"},"target":"bs_site_builder::builder"}
{"timestamp":"2025-09-04T03:40:46.865807Z","level":"INFO","fields":{"message":"Building site"},"target":"bs_site_builder::builder"}
{"timestamp":"2025-09-04T03:40:47.120430Z","level":"INFO","fields":{"message":"Reloading browser"},"target":"bs_site_builder::builder"}
{"timestamp":"2025-09-04T03:41:40.269279Z","level":"INFO","fields":{"message":"Building site"},"target":"bs_site_builder::builder"}
{"timestamp":"2025-09-04T03:41:40.513650Z","level":"INFO","fields":{"message":"Reloading browser"},"target":"bs_site_builder::builder"}
{"timestamp":"2025-09-04T03:41:49.656257Z","level":"INFO","fields":{"message":"Building site"},"target":"bs_site_builder::builder"}
{"timestamp":"2025-09-04T03:41:49.898732Z","level":"INFO","fields":{"message":"Reloading browser"},"target":"bs_site_builder::builder"}
{"timestamp":"2025-09-04T03:41:56.985896Z","level":"INFO","fields":{"message":"Building site"},"target":"bs_site_builder::builder"}
{"timestamp":"2025-09-04T03:41:57.222300Z","level":"INFO","fields":{"message":"Reloading browser"},"target":"bs_site_builder::builder"}
{"timestamp":"2025-09-04T03:42:08.809237Z","level":"INFO","fields":{"message":"Building site"},"target":"bs_site_builder::builder"}
{"timestamp":"2025-09-04T03:42:09.048112Z","level":"INFO","fields":{"message":"Reloading browser"},"target":"bs_site_builder::builder"}
{"timestamp":"2025-09-04T03:42:24.887284Z","level":"INFO","fields":{"message":"Building site"},"target":"bs_site_builder::builder"}
{"timestamp":"2025-09-04T03:42:25.124412Z","level":"INFO","fields":{"message":"Reloading browser"},"target":"bs_site_builder::builder"}
{"timestamp":"2025-09-04T03:45:11.482786Z","level":"INFO","fields":{"message":"Building site"},"target":"bs_site_builder::builder"}
{"timestamp":"2025-09-04T03:45:11.723635Z","level":"INFO","fields":{"message":"Reloading browser"},"target":"bs_site_builder::builder"}
{"timestamp":"2025-09-04T03:46:15.411138Z","level":"INFO","fields":{"message":"Building site"},"target":"bs_site_builder::builder"}
{"timestamp":"2025-09-04T03:46:15.674518Z","level":"INFO","fields":{"message":"Reloading browser"},"target":"bs_site_builder::builder"}
{"timestamp":"2025-09-04T03:46:59.252487Z","level":"INFO","fields":{"message":"Building site"},"target":"bs_site_builder::builder"}
{"timestamp":"2025-09-04T03:46:59.515639Z","level":"INFO","fields":{"message":"Reloading browser"},"target":"bs_site_builder::builder"}
{"timestamp":"2025-09-04T03:47:32.527908Z","level":"INFO","fields":{"message":"Building site"},"target":"bs_site_builder::builder"}
{"timestamp":"2025-09-04T03:47:32.815285Z","level":"INFO","fields":{"message":"Reloading browser"},"target":"bs_site_builder::builder"}
{"timestamp":"2025-09-04T03:47:51.566988Z","level":"INFO","fields":{"message":"Building site"},"target":"bs_site_builder::builder"}
{"timestamp":"2025-09-04T03:47:51.836474Z","level":"INFO","fields":{"message":"Reloading browser"},"target":"bs_site_builder::builder"}
{"timestamp":"2025-09-04T03:48:25.525203Z","level":"INFO","fields":{"message":"Building site"},"target":"bs_site_builder::builder"}
{"timestamp":"2025-09-04T03:48:25.799227Z","level":"INFO","fields":{"message":"Reloading browser"},"target":"bs_site_builder::builder"}
{"timestamp":"2025-09-04T03:48:29.385208Z","level":"INFO","fields":{"message":"Building site"},"target":"bs_site_builder::builder"}
{"timestamp":"2025-09-04T03:48:29.639005Z","level":"INFO","fields":{"message":"Reloading browser"},"target":"bs_site_builder::builder"}
{"timestamp":"2025-09-04T03:49:37.620282Z","level":"INFO","fields":{"message":"Building site"},"target":"bs_site_builder::builder"}
{"timestamp":"2025-09-04T03:49:37.868864Z","level":"INFO","fields":{"message":"Reloading browser"},"target":"bs_site_builder::builder"}
{"timestamp":"2025-09-04T03:49:40.386941Z","level":"INFO","fields":{"message":"Building site"},"target":"bs_site_builder::builder"}
{"timestamp":"2025-09-04T03:49:40.645938Z","level":"INFO","fields":{"message":"Reloading browser"},"target":"bs_site_builder::builder"}
{"timestamp":"2025-09-04T03:49:55.583423Z","level":"INFO","fields":{"message":"Building site"},"target":"bs_site_builder::builder"}
{"timestamp":"2025-09-04T03:49:55.848603Z","level":"INFO","fields":{"message":"Reloading browser"},"target":"bs_site_builder::builder"}
{"timestamp":"2025-09-04T03:50:11.165454Z","level":"INFO","fields":{"message":"Building site"},"target":"bs_site_builder::builder"}
{"timestamp":"2025-09-04T03:50:11.433734Z","level":"INFO","fields":{"message":"Reloading browser"},"target":"bs_site_builder::builder"}
{"timestamp":"2025-09-04T03:50:15.160954Z","level":"INFO","fields":{"message":"Building site"},"target":"bs_site_builder::builder"}
{"timestamp":"2025-09-04T03:50:15.404186Z","level":"INFO","fields":{"message":"Reloading browser"},"target":"bs_site_builder::builder"}
{"timestamp":"2025-09-04T03:50:18.236506Z","level":"INFO","fields":{"message":"Building site"},"target":"bs_site_builder::builder"}
{"timestamp":"2025-09-04T03:50:18.498959Z","level":"INFO","fields":{"message":"Reloading browser"},"target":"bs_site_builder::builder"}
{"timestamp":"2025-09-04T03:51:24.003710Z","level":"INFO","fields":{"message":"Building site"},"target":"bs_site_builder::builder"}
{"timestamp":"2025-09-04T03:51:24.263434Z","level":"INFO","fields":{"message":"Reloading browser"},"target":"bs_site_builder::builder"}
{"timestamp":"2025-09-04T03:52:40.449068Z","level":"INFO","fields":{"message":"Building site"},"target":"bs_site_builder::builder"}
{"timestamp":"2025-09-04T03:52:40.704064Z","level":"INFO","fields":{"message":"Reloading browser"},"target":"bs_site_builder::builder"}
{"timestamp":"2025-09-04T03:54:25.480523Z","level":"INFO","fields":{"message":"Building site"},"target":"bs_site_builder::builder"}
{"timestamp":"2025-09-04T03:54:25.735751Z","level":"INFO","fields":{"message":"Reloading browser"},"target":"bs_site_builder::builder"}
{"timestamp":"2025-09-04T03:54:31.606402Z","level":"INFO","fields":{"message":"Building site"},"target":"bs_site_builder::builder"}
{"timestamp":"2025-09-04T03:54:31.861466Z","level":"INFO","fields":{"message":"Reloading browser"},"target":"bs_site_builder::builder"}
{"timestamp":"2025-09-04T03:54:44.673092Z","level":"INFO","fields":{"message":"Building site"},"target":"bs_site_builder::builder"}
{"timestamp":"2025-09-04T03:54:44.924256Z","level":"INFO","fields":{"message":"Reloading browser"},"target":"bs_site_builder::builder"}
{"timestamp":"2025-09-04T03:56:07.443190Z","level":"INFO","fields":{"message":"Building site"},"target":"bs_site_builder::builder"}
{"timestamp":"2025-09-04T03:56:07.715497Z","level":"INFO","fields":{"message":"Reloading browser"},"target":"bs_site_builder::builder"}
{"timestamp":"2025-09-04T03:56:31.090024Z","level":"INFO","fields":{"message":"Building site"},"target":"bs_site_builder::builder"}
{"timestamp":"2025-09-04T03:56:31.347083Z","level":"INFO","fields":{"message":"Reloading browser"},"target":"bs_site_builder::builder"}
{"timestamp":"2025-09-04T03:57:29.860443Z","level":"INFO","fields":{"message":"Building site"},"target":"bs_site_builder::builder"}
{"timestamp":"2025-09-04T03:57:30.138186Z","level":"INFO","fields":{"message":"Reloading browser"},"target":"bs_site_builder::builder"}
{"timestamp":"2025-09-04T03:58:33.234117Z","level":"INFO","fields":{"message":"Building site"},"target":"bs_site_builder::builder"}
{"timestamp":"2025-09-04T03:58:33.510604Z","level":"INFO","fields":{"message":"Reloading browser"},"target":"bs_site_builder::builder"}
{"timestamp":"2025-09-04T03:58:45.968147Z","level":"INFO","fields":{"message":"Building site"},"target":"bs_site_builder::builder"}
{"timestamp":"2025-09-04T03:58:46.234699Z","level":"INFO","fields":{"message":"Reloading browser"},"target":"bs_site_builder::builder"}
{"timestamp":"2025-09-04T03:59:14.893675Z","level":"INFO","fields":{"message":"Building site"},"target":"bs_site_builder::builder"}
{"timestamp":"2025-09-04T03:59:15.165068Z","level":"INFO","fields":{"message":"Reloading browser"},"target":"bs_site_builder::builder"}
{"timestamp":"2025-09-04T03:59:23.057126Z","level":"INFO","fields":{"message":"Building site"},"target":"bs_site_builder::builder"}
{"timestamp":"2025-09-04T03:59:23.340004Z","level":"INFO","fields":{"message":"Reloading browser"},"target":"bs_site_builder::builder"}
{"timestamp":"2025-09-04T03:59:33.541195Z","level":"INFO","fields":{"message":"Building site"},"target":"bs_site_builder::builder"}
{"timestamp":"2025-09-04T03:59:33.805836Z","level":"INFO","fields":{"message":"Reloading browser"},"target":"bs_site_builder::builder"}
{"timestamp":"2025-09-04T04:01:08.142983Z","level":"INFO","fields":{"message":"Building site"},"target":"bs_site_builder::builder"}
{"timestamp":"2025-09-04T04:01:08.431920Z","level":"INFO","fields":{"message":"Reloading browser"},"target":"bs_site_builder::builder"}
{"timestamp":"2025-09-04T04:03:05.107393Z","level":"INFO","fields":{"message":"Building site"},"target":"bs_site_builder::builder"}
{"timestamp":"2025-09-04T04:03:05.394217Z","level":"INFO","fields":{"message":"Reloading browser"},"target":"bs_site_builder::builder"}
{"timestamp":"2025-09-04T04:03:18.422050Z","level":"INFO","fields":{"message":"Building site"},"target":"bs_site_builder::builder"}
{"timestamp":"2025-09-04T04:03:18.707838Z","level":"INFO","fields":{"message":"Reloading browser"},"target":"bs_site_builder::builder"}
{"timestamp":"2025-09-04T04:03:27.512449Z","level":"INFO","fields":{"message":"Building site"},"target":"bs_site_builder::builder"}
{"timestamp":"2025-09-04T04:03:27.787201Z","level":"INFO","fields":{"message":"Reloading browser"},"target":"bs_site_builder::builder"}
{"timestamp":"2025-09-04T04:04:55.253273Z","level":"INFO","fields":{"message":"Building site"},"target":"bs_site_builder::builder"}
{"timestamp":"2025-09-04T04:04:55.546781Z","level":"INFO","fields":{"message":"Reloading browser"},"target":"bs_site_builder::builder"}
{"timestamp":"2025-09-04T04:05:29.475953Z","level":"INFO","fields":{"message":"Building site"},"target":"bs_site_builder::builder"}
{"timestamp":"2025-09-04T04:05:29.763579Z","level":"INFO","fields":{"message":"Reloading browser"},"target":"bs_site_builder::builder"}
{"timestamp":"2025-09-04T04:05:33.865643Z","level":"INFO","fields":{"message":"Building site"},"target":"bs_site_builder::builder"}
{"timestamp":"2025-09-04T04:05:34.152733Z","level":"INFO","fields":{"message":"Reloading browser"},"target":"bs_site_builder::builder"}
{"timestamp":"2025-09-04T04:05:44.416863Z","level":"INFO","fields":{"message":"Building site"},"target":"bs_site_builder::builder"}
{"timestamp":"2025-09-04T04:05:44.692134Z","level":"INFO","fields":{"message":"Reloading browser"},"target":"bs_site_builder::builder"}
{"timestamp":"2025-09-04T04:05:54.825982Z","level":"INFO","fields":{"message":"Building site"},"target":"bs_site_builder::builder"}
{"timestamp":"2025-09-04T04:05:55.102296Z","level":"INFO","fields":{"message":"Reloading browser"},"target":"bs_site_builder::builder"}
{"timestamp":"2025-09-04T04:06:06.195328Z","level":"INFO","fields":{"message":"Building site"},"target":"bs_site_builder::builder"}
{"timestamp":"2025-09-04T04:06:06.466639Z","level":"INFO","fields":{"message":"Reloading browser"},"target":"bs_site_builder::builder"}
{"timestamp":"2025-09-04T04:06:39.527764Z","level":"INFO","fields":{"message":"Building site"},"target":"bs_site_builder::builder"}
{"timestamp":"2025-09-04T04:06:39.799772Z","level":"INFO","fields":{"message":"Reloading browser"},"target":"bs_site_builder::builder"}
{"timestamp":"2025-09-04T04:07:22.449756Z","level":"INFO","fields":{"message":"Building site"},"target":"bs_site_builder::builder"}
{"timestamp":"2025-09-04T04:07:22.719499Z","level":"INFO","fields":{"message":"Reloading browser"},"target":"bs_site_builder::builder"}
{"timestamp":"2025-09-04T04:08:30.527379Z","level":"INFO","fields":{"message":"Building site"},"target":"bs_site_builder::builder"}
{"timestamp":"2025-09-04T04:08:30.813579Z","level":"INFO","fields":{"message":"Reloading browser"},"target":"bs_site_builder::builder"}
{"timestamp":"2025-09-04T04:08:40.446705Z","level":"INFO","fields":{"message":"Building site"},"target":"bs_site_builder::builder"}
{"timestamp":"2025-09-04T04:08:40.729754Z","level":"INFO","fields":{"message":"Reloading browser"},"target":"bs_site_builder::builder"}
{"timestamp":"2025-09-04T04:08:47.663298Z","level":"INFO","fields":{"message":"Building site"},"target":"bs_site_builder::builder"}
{"timestamp":"2025-09-04T04:08:47.930561Z","level":"INFO","fields":{"message":"Reloading browser"},"target":"bs_site_builder::builder"}
{"timestamp":"2025-09-04T04:08:50.615472Z","level":"INFO","fields":{"message":"Building site"},"target":"bs_site_builder::builder"}
{"timestamp":"2025-09-04T04:08:50.915691Z","level":"INFO","fields":{"message":"Reloading browser"},"target":"bs_site_builder::builder"}
{"timestamp":"2025-09-04T04:09:52.818112Z","level":"INFO","fields":{"message":"Building site"},"target":"bs_site_builder::builder"}
{"timestamp":"2025-09-04T04:09:53.107192Z","level":"INFO","fields":{"message":"Reloading browser"},"target":"bs_site_builder::builder"}
{"timestamp":"2025-09-04T04:10:36.813223Z","level":"INFO","fields":{"message":"Building site"},"target":"bs_site_builder::builder"}
{"timestamp":"2025-09-04T04:10:37.100577Z","level":"INFO","fields":{"message":"Reloading browser"},"target":"bs_site_builder::builder"}
{"timestamp":"2025-09-04T04:10:50.040118Z","level":"INFO","fields":{"message":"Building site"},"target":"bs_site_builder::builder"}
{"timestamp":"2025-09-04T04:10:50.315297Z","level":"INFO","fields":{"message":"Reloading browser"},"target":"bs_site_builder::builder"}
{"timestamp":"2025-09-04T04:11:27.844815Z","level":"INFO","fields":{"message":"Building site"},"target":"bs_site_builder::builder"}
{"timestamp":"2025-09-04T04:11:28.130766Z","level":"INFO","fields":{"message":"Reloading browser"},"target":"bs_site_builder::builder"}
{"timestamp":"2025-09-04T04:11:42.391299Z","level":"INFO","fields":{"message":"Building site"},"target":"bs_site_builder::builder"}
{"timestamp":"2025-09-04T04:11:42.674040Z","level":"INFO","fields":{"message":"Reloading browser"},"target":"bs_site_builder::builder"}
{"timestamp":"2025-09-04T04:12:06.925965Z","level":"INFO","fields":{"message":"Building site"},"target":"bs_site_builder::builder"}
{"timestamp":"2025-09-04T04:12:07.218088Z","level":"INFO","fields":{"message":"Reloading browser"},"target":"bs_site_builder::builder"}
{"timestamp":"2025-09-04T04:12:33.374970Z","level":"INFO","fields":{"message":"Building site"},"target":"bs_site_builder::builder"}
{"timestamp":"2025-09-04T04:12:33.669329Z","level":"INFO","fields":{"message":"Reloading browser"},"target":"bs_site_builder::builder"}
{"timestamp":"2025-09-04T04:12:50.599381Z","level":"INFO","fields":{"message":"Building site"},"target":"bs_site_builder::builder"}
{"timestamp":"2025-09-04T04:12:50.880100Z","level":"INFO","fields":{"message":"Reloading browser"},"target":"bs_site_builder::builder"}
{"timestamp":"2025-09-04T04:13:02.667829Z","level":"INFO","fields":{"message":"Building site"},"target":"bs_site_builder::builder"}
{"timestamp":"2025-09-04T04:13:02.951276Z","level":"INFO","fields":{"message":"Reloading browser"},"target":"bs_site_builder::builder"}
{"timestamp":"2025-09-04T04:13:11.819493Z","level":"INFO","fields":{"message":"Building site"},"target":"bs_site_builder::builder"}
{"timestamp":"2025-09-04T04:13:12.082587Z","level":"INFO","fields":{"message":"Reloading browser"},"target":"bs_site_builder::builder"}
{"timestamp":"2025-09-04T04:13:19.920657Z","level":"INFO","fields":{"message":"Building site"},"target":"bs_site_builder::builder"}
{"timestamp":"2025-09-04T04:13:20.194634Z","level":"INFO","fields":{"message":"Reloading browser"},"target":"bs_site_builder::builder"}
{"timestamp":"2025-09-04T04:20:04.278503Z","level":"INFO","fields":{"message":"Building site"},"target":"bs_site_builder::builder"}
{"timestamp":"2025-09-04T04:20:04.562459Z","level":"INFO","fields":{"message":"Reloading browser"},"target":"bs_site_builder::builder"}
{"timestamp":"2025-09-04T04:20:14.498166Z","level":"INFO","fields":{"message":"Building site"},"target":"bs_site_builder::builder"}
{"timestamp":"2025-09-04T04:20:14.757299Z","level":"INFO","fields":{"message":"Reloading browser"},"target":"bs_site_builder::builder"}
{"timestamp":"2025-09-04T04:22:58.583884Z","level":"INFO","fields":{"message":"Building site"},"target":"bs_site_builder::builder"}
{"timestamp":"2025-09-04T04:22:58.871950Z","level":"INFO","fields":{"message":"Reloading browser"},"target":"bs_site_builder::builder"}
{"timestamp":"2025-09-04T04:23:02.926498Z","level":"INFO","fields":{"message":"Building site"},"target":"bs_site_builder::builder"}
{"timestamp":"2025-09-04T04:23:03.209600Z","level":"INFO","fields":{"message":"Reloading browser"},"target":"bs_site_builder::builder"}
{"timestamp":"2025-09-04T04:23:33.108513Z","level":"INFO","fields":{"message":"Building site"},"target":"bs_site_builder::builder"}
{"timestamp":"2025-09-04T04:23:33.382352Z","level":"INFO","fields":{"message":"Reloading browser"},"target":"bs_site_builder::builder"}
{"timestamp":"2025-09-04T04:23:40.524994Z","level":"INFO","fields":{"message":"Building site"},"target":"bs_site_builder::builder"}
{"timestamp":"2025-09-04T04:23:40.795123Z","level":"INFO","fields":{"message":"Reloading browser"},"target":"bs_site_builder::builder"}
{"timestamp":"2025-09-04T04:23:50.984134Z","level":"INFO","fields":{"message":"Building site"},"target":"bs_site_builder::builder"}
{"timestamp":"2025-09-04T04:23:51.262924Z","level":"INFO","fields":{"message":"Reloading browser"},"target":"bs_site_builder::builder"}
{"timestamp":"2025-09-04T04:24:23.070286Z","level":"INFO","fields":{"message":"Building site"},"target":"bs_site_builder::builder"}
{"timestamp":"2025-09-04T04:24:23.379623Z","level":"INFO","fields":{"message":"Reloading browser"},"target":"bs_site_builder::builder"}
{"timestamp":"2025-09-04T04:24:28.147237Z","level":"INFO","fields":{"message":"Building site"},"target":"bs_site_builder::builder"}
{"timestamp":"2025-09-04T04:24:28.427047Z","level":"INFO","fields":{"message":"Reloading browser"},"target":"bs_site_builder::builder"}
{"timestamp":"2025-09-04T04:24:56.626969Z","level":"INFO","fields":{"message":"Building site"},"target":"bs_site_builder::builder"}
{"timestamp":"2025-09-04T04:24:56.896734Z","level":"INFO","fields":{"message":"Reloading browser"},"target":"bs_site_builder::builder"}
{"timestamp":"2025-09-04T04:25:52.997476Z","level":"INFO","fields":{"message":"Building site"},"target":"bs_site_builder::builder"}
{"timestamp":"2025-09-04T04:25:53.291970Z","level":"INFO","fields":{"message":"Reloading browser"},"target":"bs_site_builder::builder"}
{"timestamp":"2025-09-04T04:26:08.912657Z","level":"INFO","fields":{"message":"Building site"},"target":"bs_site_builder::builder"}
{"timestamp":"2025-09-04T04:26:09.192072Z","level":"INFO","fields":{"message":"Reloading browser"},"target":"bs_site_builder::builder"}
{"timestamp":"2025-09-04T04:27:18.000337Z","level":"INFO","fields":{"message":"Building site"},"target":"bs_site_builder::builder"}
{"timestamp":"2025-09-04T04:27:18.290126Z","level":"INFO","fields":{"message":"Reloading browser"},"target":"bs_site_builder::builder"}
{"timestamp":"2025-09-04T04:27:48.796482Z","level":"INFO","fields":{"message":"Building site"},"target":"bs_site_builder::builder"}
{"timestamp":"2025-09-04T04:27:49.083721Z","level":"INFO","fields":{"message":"Reloading browser"},"target":"bs_site_builder::builder"}
{"timestamp":"2025-09-04T04:27:53.763395Z","level":"INFO","fields":{"message":"Building site"},"target":"bs_site_builder::builder"}
{"timestamp":"2025-09-04T04:27:54.040979Z","level":"INFO","fields":{"message":"Reloading browser"},"target":"bs_site_builder::builder"}
{"timestamp":"2025-09-04T04:28:19.753994Z","level":"INFO","fields":{"message":"Building site"},"target":"bs_site_builder::builder"}
{"timestamp":"2025-09-04T04:28:20.025888Z","level":"INFO","fields":{"message":"Reloading browser"},"target":"bs_site_builder::builder"}
{"timestamp":"2025-09-04T04:28:51.703901Z","level":"INFO","fields":{"message":"Building site"},"target":"bs_site_builder::builder"}
{"timestamp":"2025-09-04T04:28:51.991279Z","level":"INFO","fields":{"message":"Reloading browser"},"target":"bs_site_builder::builder"}
{"timestamp":"2025-09-04T04:29:13.812300Z","level":"INFO","fields":{"message":"Building site"},"target":"bs_site_builder::builder"}
{"timestamp":"2025-09-04T04:29:14.099844Z","level":"INFO","fields":{"message":"Reloading browser"},"target":"bs_site_builder::builder"}
{"timestamp":"2025-09-04T04:29:44.014395Z","level":"INFO","fields":{"message":"Building site"},"target":"bs_site_builder::builder"}
{"timestamp":"2025-09-04T04:29:44.286622Z","level":"INFO","fields":{"message":"Reloading browser"},"target":"bs_site_builder::builder"}
{"timestamp":"2025-09-04T04:31:09.668597Z","level":"INFO","fields":{"message":"Building site"},"target":"bs_site_builder::builder"}
{"timestamp":"2025-09-04T04:31:09.958131Z","level":"INFO","fields":{"message":"Reloading browser"},"target":"bs_site_builder::builder"}
{"timestamp":"2025-09-04T04:32:53.257367Z","level":"INFO","fields":{"message":"Building site"},"target":"bs_site_builder::builder"}
{"timestamp":"2025-09-04T04:32:53.549584Z","level":"INFO","fields":{"message":"Reloading browser"},"target":"bs_site_builder::builder"}
{"timestamp":"2025-09-04T04:34:06.240358Z","level":"INFO","fields":{"message":"Building site"},"target":"bs_site_builder::builder"}
{"timestamp":"2025-09-04T04:34:06.536896Z","level":"INFO","fields":{"message":"Reloading browser"},"target":"bs_site_builder::builder"}
{"timestamp":"2025-09-04T04:34:24.488509Z","level":"INFO","fields":{"message":"Building site"},"target":"bs_site_builder::builder"}
{"timestamp":"2025-09-04T04:34:24.774273Z","level":"INFO","fields":{"message":"Reloading browser"},"target":"bs_site_builder::builder"}
{"timestamp":"2025-09-04T04:34:49.069309Z","level":"INFO","fields":{"message":"Building site"},"target":"bs_site_builder::builder"}
{"timestamp":"2025-09-04T04:34:49.332412Z","level":"INFO","fields":{"message":"Reloading browser"},"target":"bs_site_builder::builder"}
{"timestamp":"2025-09-04T04:35:21.467795Z","level":"INFO","fields":{"message":"Building site"},"target":"bs_site_builder::builder"}
{"timestamp":"2025-09-04T04:35:21.760854Z","level":"INFO","fields":{"message":"Reloading browser"},"target":"bs_site_builder::builder"}
{"timestamp":"2025-09-04T04:35:30.783400Z","level":"INFO","fields":{"message":"Building site"},"target":"bs_site_builder::builder"}
{"timestamp":"2025-09-04T04:35:31.062088Z","level":"INFO","fields":{"message":"Reloading browser"},"target":"bs_site_builder::builder"}
{"timestamp":"2025-09-04T04:36:31.046859Z","level":"INFO","fields":{"message":"Building site"},"target":"bs_site_builder::builder"}
{"timestamp":"2025-09-04T04:36:31.328824Z","level":"INFO","fields":{"message":"Reloading browser"},"target":"bs_site_builder::builder"}
{"timestamp":"2025-09-04T04:36:37.411750Z","level":"INFO","fields":{"message":"Building site"},"target":"bs_site_builder::builder"}
{"timestamp":"2025-09-04T04:36:37.685777Z","level":"INFO","fields":{"message":"Reloading browser"},"target":"bs_site_builder::builder"}
{"timestamp":"2025-09-04T04:37:04.759658Z","level":"INFO","fields":{"message":"Building site"},"target":"bs_site_builder::builder"}
{"timestamp":"2025-09-04T04:37:05.026493Z","level":"INFO","fields":{"message":"Reloading browser"},"target":"bs_site_builder::builder"}
{"timestamp":"2025-09-04T04:37:41.101069Z","level":"INFO","fields":{"message":"Building site"},"target":"bs_site_builder::builder"}
{"timestamp":"2025-09-04T04:37:41.352487Z","level":"INFO","fields":{"message":"Reloading browser"},"target":"bs_site_builder::builder"}
{"timestamp":"2025-09-04T04:38:21.296300Z","level":"INFO","fields":{"message":"Building site"},"target":"bs_site_builder::builder"}
{"timestamp":"2025-09-04T04:38:21.568431Z","level":"INFO","fields":{"message":"Reloading browser"},"target":"bs_site_builder::builder"}
{"timestamp":"2025-09-04T04:40:16.993421Z","level":"INFO","fields":{"message":"Building site"},"target":"bs_site_builder::builder"}
{"timestamp":"2025-09-04T04:40:17.301466Z","level":"INFO","fields":{"message":"Reloading browser"},"target":"bs_site_builder::builder"}
{"timestamp":"2025-09-04T04:40:30.928843Z","level":"INFO","fields":{"message":"Building site"},"target":"bs_site_builder::builder"}
{"timestamp":"2025-09-04T04:40:31.206529Z","level":"INFO","fields":{"message":"Reloading browser"},"target":"bs_site_builder::builder"}
{"timestamp":"2025-09-04T04:40:40.041206Z","level":"INFO","fields":{"message":"Building site"},"target":"bs_site_builder::builder"}
{"timestamp":"2025-09-04T04:40:40.319412Z","level":"INFO","fields":{"message":"Reloading browser"},"target":"bs_site_builder::builder"}
{"timestamp":"2025-09-04T23:56:13.213004Z","level":"INFO","fields":{"message":"Initilizing"},"target":"ssb"}
{"timestamp":"2025-09-04T23:56:13.213307Z","level":"INFO","fields":{"message":"Found port for web server: 5445"},"target":"ssb"}
{"timestamp":"2025-09-04T23:56:13.213435Z","level":"INFO","fields":{"message":"Starting watcher"},"target":"simple_site_builder::watcher"}
{"timestamp":"2025-09-04T23:56:13.213749Z","level":"INFO","fields":{"message":"Starting web server"},"target":"simple_site_builder::server"}
{"timestamp":"2025-09-04T23:56:13.214251Z","level":"INFO","fields":{"message":"Starting builder"},"target":"simple_site_builder::builder"}
{"timestamp":"2025-09-04T23:56:13.214319Z","level":"INFO","fields":{"message":"Building site"},"target":"simple_site_builder::builder"}
{"timestamp":"2025-09-04T23:56:13.218814Z","level":"INFO","fields":{"message":"obtaining pathset","config_pathset":"[WatchedPath { path: \"content\", recursive: true }]"},"target":"watchexec::sources::fs"}
{"timestamp":"2025-09-04T23:56:13.263012Z","level":"INFO","fields":{"message":"Reloading browser for: http://localhost:5445/"},"target":"simple_site_builder::builder"}
{"timestamp":"2025-09-04T23:56:54.153038Z","level":"INFO","fields":{"message":"Building site"},"target":"simple_site_builder::builder"}
{"timestamp":"2025-09-04T23:56:54.182946Z","level":"INFO","fields":{"message":"Reloading browser for: http://localhost:5445/"},"target":"simple_site_builder::builder"}
{"timestamp":"2025-09-04T23:56:59.460728Z","level":"INFO","fields":{"message":"Building site"},"target":"simple_site_builder::builder"}
{"timestamp":"2025-09-04T23:56:59.480297Z","level":"INFO","fields":{"message":"Reloading browser for: http://localhost:5445/"},"target":"simple_site_builder::builder"}
