{"timestamp":"2025-09-05T00:15:11.232101Z","level":"INFO","fields":{"message":"Initilizing"},"target":"ssb"}
{"timestamp":"2025-09-05T00:15:11.232303Z","level":"INFO","fields":{"message":"Found port for web server: 5445"},"target":"ssb"}
{"timestamp":"2025-09-05T00:15:11.232384Z","level":"INFO","fields":{"message":"Starting watcher"},"target":"simple_site_builder::watcher"}
{"timestamp":"2025-09-05T00:15:11.232486Z","level":"INFO","fields":{"message":"Starting builder"},"target":"simple_site_builder::builder"}
{"timestamp":"2025-09-05T00:15:11.232513Z","level":"INFO","fields":{"message":"Starting web server"},"target":"simple_site_builder::server"}
{"timestamp":"2025-09-05T00:15:11.232635Z","level":"INFO","fields":{"message":"Building site"},"target":"simple_site_builder::builder"}
{"timestamp":"2025-09-05T00:15:11.233096Z","level":"INFO","fields":{"message":"obtaining pathset","config_pathset":"[WatchedPath { path: \"content\", recursive: true }]"},"target":"watchexec::sources::fs"}
{"timestamp":"2025-09-05T00:15:11.519197Z","level":"INFO","fields":{"message":"Reloading browser for: http://localhost:5445/"},"target":"simple_site_builder::builder"}
{"timestamp":"2025-09-05T00:16:12.166565Z","level":"INFO","fields":{"message":"Building site"},"target":"simple_site_builder::builder"}
{"timestamp":"2025-09-05T00:16:12.426632Z","level":"INFO","fields":{"message":"Reloading browser for: http://localhost:5445/"},"target":"simple_site_builder::builder"}
{"timestamp":"2025-09-05T00:16:24.695534Z","level":"INFO","fields":{"message":"Building site"},"target":"simple_site_builder::builder"}
{"timestamp":"2025-09-05T00:16:24.963355Z","level":"INFO","fields":{"message":"Reloading browser for: http://localhost:5445/"},"target":"simple_site_builder::builder"}
{"timestamp":"2025-09-05T00:16:31.991523Z","level":"INFO","fields":{"message":"Building site"},"target":"simple_site_builder::builder"}
{"timestamp":"2025-09-05T00:16:32.258175Z","level":"INFO","fields":{"message":"Reloading browser for: http://localhost:5445/"},"target":"simple_site_builder::builder"}
{"timestamp":"2025-09-05T00:16:38.715884Z","level":"INFO","fields":{"message":"Building site"},"target":"simple_site_builder::builder"}
{"timestamp":"2025-09-05T00:16:38.979889Z","level":"INFO","fields":{"message":"Reloading browser for: http://localhost:5445/"},"target":"simple_site_builder::builder"}
{"timestamp":"2025-09-05T00:17:24.308722Z","level":"INFO","fields":{"message":"Building site"},"target":"simple_site_builder::builder"}
{"timestamp":"2025-09-05T00:17:24.585129Z","level":"INFO","fields":{"message":"Reloading browser for: http://localhost:5445/"},"target":"simple_site_builder::builder"}
{"timestamp":"2025-09-05T00:17:29.936457Z","level":"INFO","fields":{"message":"Building site"},"target":"simple_site_builder::builder"}
{"timestamp":"2025-09-05T00:17:30.218752Z","level":"INFO","fields":{"message":"Reloading browser for: http://localhost:5445/"},"target":"simple_site_builder::builder"}
{"timestamp":"2025-09-05T00:17:32.108232Z","level":"INFO","fields":{"message":"Building site"},"target":"simple_site_builder::builder"}
{"timestamp":"2025-09-05T00:17:32.375275Z","level":"INFO","fields":{"message":"Reloading browser for: http://localhost:5445/"},"target":"simple_site_builder::builder"}
{"timestamp":"2025-09-05T00:18:12.511759Z","level":"INFO","fields":{"message":"Building site"},"target":"simple_site_builder::builder"}
{"timestamp":"2025-09-05T00:18:12.807024Z","level":"INFO","fields":{"message":"Reloading browser for: http://localhost:5445/"},"target":"simple_site_builder::builder"}
{"timestamp":"2025-09-05T00:20:29.575863Z","level":"INFO","fields":{"message":"Building site"},"target":"simple_site_builder::builder"}
{"timestamp":"2025-09-05T00:20:29.881175Z","level":"INFO","fields":{"message":"Reloading browser for: http://localhost:5445/"},"target":"simple_site_builder::builder"}
{"timestamp":"2025-09-05T00:21:23.004531Z","level":"INFO","fields":{"message":"Building site"},"target":"simple_site_builder::builder"}
{"timestamp":"2025-09-05T00:21:23.289743Z","level":"INFO","fields":{"message":"Reloading browser for: http://localhost:5445/"},"target":"simple_site_builder::builder"}
{"timestamp":"2025-09-05T00:21:56.134117Z","level":"INFO","fields":{"message":"Building site"},"target":"simple_site_builder::builder"}
{"timestamp":"2025-09-05T00:21:56.420578Z","level":"INFO","fields":{"message":"Reloading browser for: http://localhost:5445/"},"target":"simple_site_builder::builder"}
{"timestamp":"2025-09-05T00:23:14.812949Z","level":"INFO","fields":{"message":"Building site"},"target":"simple_site_builder::builder"}
{"timestamp":"2025-09-05T00:23:15.077693Z","level":"INFO","fields":{"message":"Reloading browser for: http://localhost:5445/"},"target":"simple_site_builder::builder"}
{"timestamp":"2025-09-05T00:25:17.103373Z","level":"INFO","fields":{"message":"Building site"},"target":"simple_site_builder::builder"}
{"timestamp":"2025-09-05T00:25:17.385937Z","level":"INFO","fields":{"message":"Reloading browser for: http://localhost:5445/"},"target":"simple_site_builder::builder"}
{"timestamp":"2025-09-05T00:26:39.709670Z","level":"INFO","fields":{"message":"Building site"},"target":"simple_site_builder::builder"}
{"timestamp":"2025-09-05T00:26:39.987752Z","level":"INFO","fields":{"message":"Reloading browser for: http://localhost:5445/"},"target":"simple_site_builder::builder"}
{"timestamp":"2025-09-05T00:26:58.154811Z","level":"INFO","fields":{"message":"Building site"},"target":"simple_site_builder::builder"}
{"timestamp":"2025-09-05T00:26:58.431308Z","level":"INFO","fields":{"message":"Reloading browser for: http://localhost:5445/"},"target":"simple_site_builder::builder"}
{"timestamp":"2025-09-05T00:27:36.345558Z","level":"INFO","fields":{"message":"Building site"},"target":"simple_site_builder::builder"}
{"timestamp":"2025-09-05T00:27:36.639027Z","level":"INFO","fields":{"message":"Reloading browser for: http://localhost:5445/"},"target":"simple_site_builder::builder"}
{"timestamp":"2025-09-05T00:27:49.453837Z","level":"INFO","fields":{"message":"Building site"},"target":"simple_site_builder::builder"}
{"timestamp":"2025-09-05T00:27:49.721461Z","level":"INFO","fields":{"message":"Reloading browser for: http://localhost:5445/"},"target":"simple_site_builder::builder"}
{"timestamp":"2025-09-05T00:28:45.814122Z","level":"INFO","fields":{"message":"Building site"},"target":"simple_site_builder::builder"}
{"timestamp":"2025-09-05T00:28:46.085769Z","level":"INFO","fields":{"message":"Reloading browser for: http://localhost:5445/"},"target":"simple_site_builder::builder"}
{"timestamp":"2025-09-05T00:28:47.336799Z","level":"INFO","fields":{"message":"Building site"},"target":"simple_site_builder::builder"}
{"timestamp":"2025-09-05T00:28:47.601052Z","level":"INFO","fields":{"message":"Reloading browser for: http://localhost:5445/"},"target":"simple_site_builder::builder"}
{"timestamp":"2025-09-05T00:29:05.234277Z","level":"INFO","fields":{"message":"Building site"},"target":"simple_site_builder::builder"}
{"timestamp":"2025-09-05T00:29:05.499573Z","level":"INFO","fields":{"message":"Reloading browser for: http://localhost:5445/"},"target":"simple_site_builder::builder"}
{"timestamp":"2025-09-05T00:29:24.525580Z","level":"INFO","fields":{"message":"Building site"},"target":"simple_site_builder::builder"}
{"timestamp":"2025-09-05T00:29:24.804052Z","level":"INFO","fields":{"message":"Reloading browser for: http://localhost:5445/"},"target":"simple_site_builder::builder"}
{"timestamp":"2025-09-05T00:30:08.289555Z","level":"INFO","fields":{"message":"Building site"},"target":"simple_site_builder::builder"}
{"timestamp":"2025-09-05T00:30:08.584774Z","level":"INFO","fields":{"message":"Reloading browser for: http://localhost:5445/"},"target":"simple_site_builder::builder"}
{"timestamp":"2025-09-05T00:30:19.952381Z","level":"INFO","fields":{"message":"Building site"},"target":"simple_site_builder::builder"}
{"timestamp":"2025-09-05T00:30:20.231455Z","level":"INFO","fields":{"message":"Reloading browser for: http://localhost:5445/"},"target":"simple_site_builder::builder"}
{"timestamp":"2025-09-05T00:30:51.027070Z","level":"INFO","fields":{"message":"Building site"},"target":"simple_site_builder::builder"}
{"timestamp":"2025-09-05T00:30:51.304627Z","level":"INFO","fields":{"message":"Reloading browser for: http://localhost:5445/"},"target":"simple_site_builder::builder"}
{"timestamp":"2025-09-05T00:35:41.719543Z","level":"INFO","fields":{"message":"Building site"},"target":"simple_site_builder::builder"}
{"timestamp":"2025-09-05T00:35:42.002721Z","level":"INFO","fields":{"message":"Reloading browser for: http://localhost:5445/"},"target":"simple_site_builder::builder"}
{"timestamp":"2025-09-05T00:35:48.891712Z","level":"INFO","fields":{"message":"Building site"},"target":"simple_site_builder::builder"}
{"timestamp":"2025-09-05T00:35:49.152321Z","level":"INFO","fields":{"message":"Reloading browser for: http://localhost:5445/"},"target":"simple_site_builder::builder"}
{"timestamp":"2025-09-05T00:36:04.142469Z","level":"INFO","fields":{"message":"Building site"},"target":"simple_site_builder::builder"}
{"timestamp":"2025-09-05T00:36:04.415059Z","level":"INFO","fields":{"message":"Reloading browser for: http://localhost:5445/"},"target":"simple_site_builder::builder"}
{"timestamp":"2025-09-05T00:36:11.898790Z","level":"INFO","fields":{"message":"Building site"},"target":"simple_site_builder::builder"}
{"timestamp":"2025-09-05T00:36:12.154925Z","level":"INFO","fields":{"message":"Reloading browser for: http://localhost:5445/"},"target":"simple_site_builder::builder"}
{"timestamp":"2025-09-05T01:14:56.782312Z","level":"INFO","fields":{"message":"Initilizing"},"target":"ssb"}
{"timestamp":"2025-09-05T01:14:56.782619Z","level":"INFO","fields":{"message":"Found port for web server: 5445"},"target":"ssb"}
{"timestamp":"2025-09-05T01:14:56.782732Z","level":"INFO","fields":{"message":"Starting watcher"},"target":"simple_site_builder::watcher"}
{"timestamp":"2025-09-05T01:14:56.784152Z","level":"INFO","fields":{"message":"Starting web server"},"target":"simple_site_builder::server"}
{"timestamp":"2025-09-05T01:14:56.784790Z","level":"INFO","fields":{"message":"Starting builder"},"target":"simple_site_builder::builder"}
{"timestamp":"2025-09-05T01:14:56.784847Z","level":"INFO","fields":{"message":"Building site"},"target":"simple_site_builder::builder"}
{"timestamp":"2025-09-05T01:14:56.786843Z","level":"INFO","fields":{"message":"obtaining pathset","config_pathset":"[WatchedPath { path: \"content\", recursive: true }]"},"target":"watchexec::sources::fs"}
{"timestamp":"2025-09-05T01:14:57.110775Z","level":"INFO","fields":{"message":"Reloading browser for: http://localhost:5445/"},"target":"simple_site_builder::builder"}
{"timestamp":"2025-09-05T01:15:49.714453Z","level":"INFO","fields":{"message":"Building site"},"target":"simple_site_builder::builder"}
{"timestamp":"2025-09-05T01:15:49.982835Z","level":"INFO","fields":{"message":"Reloading browser for: http://localhost:5445/"},"target":"simple_site_builder::builder"}
{"timestamp":"2025-09-05T01:15:51.966076Z","level":"INFO","fields":{"message":"Building site"},"target":"simple_site_builder::builder"}
{"timestamp":"2025-09-05T01:15:52.238483Z","level":"INFO","fields":{"message":"Reloading browser for: http://localhost:5445/"},"target":"simple_site_builder::builder"}
{"timestamp":"2025-09-05T01:15:53.677186Z","level":"INFO","fields":{"message":"Building site"},"target":"simple_site_builder::builder"}
{"timestamp":"2025-09-05T01:15:53.941174Z","level":"INFO","fields":{"message":"Reloading browser for: http://localhost:5445/"},"target":"simple_site_builder::builder"}
{"timestamp":"2025-09-05T01:20:01.138170Z","level":"INFO","fields":{"message":"Building site"},"target":"simple_site_builder::builder"}
{"timestamp":"2025-09-05T01:20:01.437662Z","level":"INFO","fields":{"message":"Reloading browser for: http://localhost:5445/"},"target":"simple_site_builder::builder"}
{"timestamp":"2025-09-05T01:20:36.830162Z","level":"INFO","fields":{"message":"Building site"},"target":"simple_site_builder::builder"}
{"timestamp":"2025-09-05T01:20:37.101460Z","level":"INFO","fields":{"message":"Reloading browser for: http://localhost:5445/"},"target":"simple_site_builder::builder"}
{"timestamp":"2025-09-05T01:20:51.001589Z","level":"INFO","fields":{"message":"Building site"},"target":"simple_site_builder::builder"}
{"timestamp":"2025-09-05T01:20:51.276109Z","level":"INFO","fields":{"message":"Reloading browser for: http://localhost:5445/"},"target":"simple_site_builder::builder"}
{"timestamp":"2025-09-05T01:20:59.948462Z","level":"INFO","fields":{"message":"Building site"},"target":"simple_site_builder::builder"}
{"timestamp":"2025-09-05T01:21:00.223300Z","level":"INFO","fields":{"message":"Reloading browser for: http://localhost:5445/"},"target":"simple_site_builder::builder"}
{"timestamp":"2025-09-05T01:21:28.053061Z","level":"INFO","fields":{"message":"Initilizing"},"target":"ssb"}
{"timestamp":"2025-09-05T01:21:28.053294Z","level":"INFO","fields":{"message":"Found port for web server: 5445"},"target":"ssb"}
{"timestamp":"2025-09-05T01:21:28.053333Z","level":"INFO","fields":{"message":"Starting watcher"},"target":"simple_site_builder::watcher"}
{"timestamp":"2025-09-05T01:21:28.053901Z","level":"INFO","fields":{"message":"Starting web server"},"target":"simple_site_builder::server"}
{"timestamp":"2025-09-05T01:21:28.056755Z","level":"INFO","fields":{"message":"Starting builder"},"target":"simple_site_builder::builder"}
{"timestamp":"2025-09-05T01:21:28.057985Z","level":"INFO","fields":{"message":"Building site"},"target":"simple_site_builder::builder"}
{"timestamp":"2025-09-05T01:21:28.058523Z","level":"INFO","fields":{"message":"obtaining pathset","config_pathset":"[WatchedPath { path: \"content\", recursive: true }]"},"target":"watchexec::sources::fs"}
{"timestamp":"2025-09-05T01:21:28.372930Z","level":"INFO","fields":{"message":"Reloading browser for: http://localhost:5445/"},"target":"simple_site_builder::builder"}
{"timestamp":"2025-09-05T01:22:38.483620Z","level":"INFO","fields":{"message":"Initilizing"},"target":"ssb"}
{"timestamp":"2025-09-05T01:22:38.484104Z","level":"INFO","fields":{"message":"Found port for web server: 5445"},"target":"ssb"}
{"timestamp":"2025-09-05T01:22:38.484430Z","level":"INFO","fields":{"message":"Starting watcher"},"target":"simple_site_builder::watcher"}
{"timestamp":"2025-09-05T01:22:38.484759Z","level":"INFO","fields":{"message":"Starting web server"},"target":"simple_site_builder::server"}
{"timestamp":"2025-09-05T01:22:38.485063Z","level":"INFO","fields":{"message":"Starting builder"},"target":"simple_site_builder::builder"}
{"timestamp":"2025-09-05T01:22:38.485117Z","level":"INFO","fields":{"message":"Building site"},"target":"simple_site_builder::builder"}
{"timestamp":"2025-09-05T01:22:38.495457Z","level":"INFO","fields":{"message":"obtaining pathset","config_pathset":"[WatchedPath { path: \"content\", recursive: true }]"},"target":"watchexec::sources::fs"}
{"timestamp":"2025-09-05T01:22:38.800590Z","level":"INFO","fields":{"message":"Reloading browser for: http://localhost:5445/"},"target":"simple_site_builder::builder"}
{"timestamp":"2025-09-05T01:22:53.838637Z","level":"INFO","fields":{"message":"Building site"},"target":"simple_site_builder::builder"}
{"timestamp":"2025-09-05T01:22:54.105795Z","level":"INFO","fields":{"message":"Reloading browser for: http://localhost:5445/"},"target":"simple_site_builder::builder"}
{"timestamp":"2025-09-05T01:23:12.042104Z","level":"INFO","fields":{"message":"Building site"},"target":"simple_site_builder::builder"}
{"timestamp":"2025-09-05T01:23:12.309718Z","level":"INFO","fields":{"message":"Reloading browser for: http://localhost:5445/"},"target":"simple_site_builder::builder"}
{"timestamp":"2025-09-05T01:23:34.699949Z","level":"INFO","fields":{"message":"Building site"},"target":"simple_site_builder::builder"}
{"timestamp":"2025-09-05T01:23:34.972151Z","level":"INFO","fields":{"message":"Reloading browser for: http://localhost:5445/"},"target":"simple_site_builder::builder"}
{"timestamp":"2025-09-05T01:24:20.273212Z","level":"INFO","fields":{"message":"Building site"},"target":"simple_site_builder::builder"}
{"timestamp":"2025-09-05T01:24:20.550995Z","level":"INFO","fields":{"message":"Reloading browser for: http://localhost:5445/"},"target":"simple_site_builder::builder"}
{"timestamp":"2025-09-05T01:24:49.670801Z","level":"INFO","fields":{"message":"Building site"},"target":"simple_site_builder::builder"}
{"timestamp":"2025-09-05T01:24:49.931480Z","level":"INFO","fields":{"message":"Reloading browser for: http://localhost:5445/"},"target":"simple_site_builder::builder"}
{"timestamp":"2025-09-05T01:24:50.823445Z","level":"INFO","fields":{"message":"Building site"},"target":"simple_site_builder::builder"}
{"timestamp":"2025-09-05T01:24:51.079671Z","level":"INFO","fields":{"message":"Reloading browser for: http://localhost:5445/"},"target":"simple_site_builder::builder"}
{"timestamp":"2025-09-05T01:24:57.727521Z","level":"INFO","fields":{"message":"Building site"},"target":"simple_site_builder::builder"}
{"timestamp":"2025-09-05T01:24:57.996679Z","level":"INFO","fields":{"message":"Reloading browser for: http://localhost:5445/"},"target":"simple_site_builder::builder"}
{"timestamp":"2025-09-05T01:27:47.731033Z","level":"INFO","fields":{"message":"Building site"},"target":"simple_site_builder::builder"}
{"timestamp":"2025-09-05T01:27:47.990805Z","level":"INFO","fields":{"message":"Reloading browser for: http://localhost:5445/"},"target":"simple_site_builder::builder"}
{"timestamp":"2025-09-05T01:27:55.142316Z","level":"INFO","fields":{"message":"Building site"},"target":"simple_site_builder::builder"}
{"timestamp":"2025-09-05T01:27:55.412860Z","level":"INFO","fields":{"message":"Reloading browser for: http://localhost:5445/"},"target":"simple_site_builder::builder"}
{"timestamp":"2025-09-05T01:27:56.289464Z","level":"INFO","fields":{"message":"Building site"},"target":"simple_site_builder::builder"}
{"timestamp":"2025-09-05T01:27:56.590028Z","level":"INFO","fields":{"message":"Reloading browser for: http://localhost:5445/"},"target":"simple_site_builder::builder"}
{"timestamp":"2025-09-05T01:28:39.843068Z","level":"INFO","fields":{"message":"Building site"},"target":"simple_site_builder::builder"}
{"timestamp":"2025-09-05T01:28:40.126633Z","level":"INFO","fields":{"message":"Reloading browser for: http://localhost:5445/"},"target":"simple_site_builder::builder"}
{"timestamp":"2025-09-05T01:28:46.407836Z","level":"INFO","fields":{"message":"Building site"},"target":"simple_site_builder::builder"}
{"timestamp":"2025-09-05T01:28:46.686805Z","level":"INFO","fields":{"message":"Reloading browser for: http://localhost:5445/"},"target":"simple_site_builder::builder"}
{"timestamp":"2025-09-05T01:28:50.401916Z","level":"INFO","fields":{"message":"Building site"},"target":"simple_site_builder::builder"}
{"timestamp":"2025-09-05T01:28:50.678315Z","level":"INFO","fields":{"message":"Reloading browser for: http://localhost:5445/"},"target":"simple_site_builder::builder"}
{"timestamp":"2025-09-05T01:29:09.755024Z","level":"INFO","fields":{"message":"Building site"},"target":"simple_site_builder::builder"}
{"timestamp":"2025-09-05T01:29:10.015910Z","level":"INFO","fields":{"message":"Reloading browser for: http://localhost:5445/"},"target":"simple_site_builder::builder"}
{"timestamp":"2025-09-05T01:29:19.174492Z","level":"INFO","fields":{"message":"Building site"},"target":"simple_site_builder::builder"}
{"timestamp":"2025-09-05T01:29:19.470320Z","level":"INFO","fields":{"message":"Reloading browser for: http://localhost:5445/"},"target":"simple_site_builder::builder"}
{"timestamp":"2025-09-05T01:29:40.178280Z","level":"INFO","fields":{"message":"Building site"},"target":"simple_site_builder::builder"}
{"timestamp":"2025-09-05T01:29:40.443460Z","level":"INFO","fields":{"message":"Reloading browser for: http://localhost:5445/"},"target":"simple_site_builder::builder"}
{"timestamp":"2025-09-05T01:29:41.702034Z","level":"INFO","fields":{"message":"Building site"},"target":"simple_site_builder::builder"}
{"timestamp":"2025-09-05T01:29:41.975919Z","level":"INFO","fields":{"message":"Reloading browser for: http://localhost:5445/"},"target":"simple_site_builder::builder"}
{"timestamp":"2025-09-05T01:30:01.137674Z","level":"INFO","fields":{"message":"Building site"},"target":"simple_site_builder::builder"}
{"timestamp":"2025-09-05T01:30:01.421468Z","level":"INFO","fields":{"message":"Reloading browser for: http://localhost:5445/"},"target":"simple_site_builder::builder"}
{"timestamp":"2025-09-05T01:31:29.568482Z","level":"INFO","fields":{"message":"Building site"},"target":"simple_site_builder::builder"}
{"timestamp":"2025-09-05T01:31:29.851811Z","level":"INFO","fields":{"message":"Reloading browser for: http://localhost:5445/"},"target":"simple_site_builder::builder"}
{"timestamp":"2025-09-05T01:34:19.637236Z","level":"INFO","fields":{"message":"Building site"},"target":"simple_site_builder::builder"}
{"timestamp":"2025-09-05T01:34:19.907037Z","level":"INFO","fields":{"message":"Reloading browser for: http://localhost:5445/"},"target":"simple_site_builder::builder"}
{"timestamp":"2025-09-05T01:34:22.785058Z","level":"INFO","fields":{"message":"Initilizing"},"target":"ssb"}
{"timestamp":"2025-09-05T01:34:22.785346Z","level":"INFO","fields":{"message":"Found port for web server: 5444"},"target":"ssb"}
{"timestamp":"2025-09-05T01:34:22.785468Z","level":"INFO","fields":{"message":"Starting watcher"},"target":"simple_site_builder::watcher"}
{"timestamp":"2025-09-05T01:34:22.785778Z","level":"INFO","fields":{"message":"Starting web server"},"target":"simple_site_builder::server"}
{"timestamp":"2025-09-05T01:34:22.787500Z","level":"INFO","fields":{"message":"Starting builder"},"target":"simple_site_builder::builder"}
{"timestamp":"2025-09-05T01:34:22.787588Z","level":"INFO","fields":{"message":"Building site"},"target":"simple_site_builder::builder"}
{"timestamp":"2025-09-05T01:34:22.788008Z","level":"INFO","fields":{"message":"obtaining pathset","config_pathset":"[WatchedPath { path: \"content\", recursive: true }]"},"target":"watchexec::sources::fs"}
{"timestamp":"2025-09-05T01:34:23.106053Z","level":"INFO","fields":{"message":"Reloading browser for: http://localhost:5444/"},"target":"simple_site_builder::builder"}
{"timestamp":"2025-09-05T01:34:55.139145Z","level":"INFO","fields":{"message":"Building site"},"target":"simple_site_builder::builder"}
{"timestamp":"2025-09-05T01:34:55.410838Z","level":"INFO","fields":{"message":"Reloading browser for: http://localhost:5444/"},"target":"simple_site_builder::builder"}
{"timestamp":"2025-09-05T01:35:26.085520Z","level":"INFO","fields":{"message":"Building site"},"target":"simple_site_builder::builder"}
{"timestamp":"2025-09-05T01:35:26.389347Z","level":"INFO","fields":{"message":"Reloading browser for: http://localhost:5444/"},"target":"simple_site_builder::builder"}
{"timestamp":"2025-09-05T01:35:52.972049Z","level":"INFO","fields":{"message":"Building site"},"target":"simple_site_builder::builder"}
{"timestamp":"2025-09-05T01:35:53.242054Z","level":"INFO","fields":{"message":"Reloading browser for: http://localhost:5444/"},"target":"simple_site_builder::builder"}
{"timestamp":"2025-09-05T01:36:25.287935Z","level":"INFO","fields":{"message":"Building site"},"target":"simple_site_builder::builder"}
{"timestamp":"2025-09-05T01:36:25.559890Z","level":"INFO","fields":{"message":"Reloading browser for: http://localhost:5444/"},"target":"simple_site_builder::builder"}
{"timestamp":"2025-09-05T01:36:55.144281Z","level":"INFO","fields":{"message":"Building site"},"target":"simple_site_builder::builder"}
{"timestamp":"2025-09-05T01:36:55.412165Z","level":"INFO","fields":{"message":"Reloading browser for: http://localhost:5444/"},"target":"simple_site_builder::builder"}
{"timestamp":"2025-09-05T01:37:17.768055Z","level":"INFO","fields":{"message":"Building site"},"target":"simple_site_builder::builder"}
{"timestamp":"2025-09-05T01:37:18.042573Z","level":"INFO","fields":{"message":"Reloading browser for: http://localhost:5444/"},"target":"simple_site_builder::builder"}
{"timestamp":"2025-09-05T01:38:16.050386Z","level":"INFO","fields":{"message":"Building site"},"target":"simple_site_builder::builder"}
{"timestamp":"2025-09-05T01:38:16.316626Z","level":"INFO","fields":{"message":"Reloading browser for: http://localhost:5444/"},"target":"simple_site_builder::builder"}
{"timestamp":"2025-09-05T01:38:20.591625Z","level":"INFO","fields":{"message":"Building site"},"target":"simple_site_builder::builder"}
{"timestamp":"2025-09-05T01:38:20.859450Z","level":"INFO","fields":{"message":"Reloading browser for: http://localhost:5444/"},"target":"simple_site_builder::builder"}
{"timestamp":"2025-09-05T01:38:44.155949Z","level":"INFO","fields":{"message":"Building site"},"target":"simple_site_builder::builder"}
{"timestamp":"2025-09-05T01:38:44.431150Z","level":"INFO","fields":{"message":"Reloading browser for: http://localhost:5444/"},"target":"simple_site_builder::builder"}
{"timestamp":"2025-09-05T01:39:41.437302Z","level":"INFO","fields":{"message":"Building site"},"target":"simple_site_builder::builder"}
{"timestamp":"2025-09-05T01:39:41.699407Z","level":"INFO","fields":{"message":"Reloading browser for: http://localhost:5444/"},"target":"simple_site_builder::builder"}
{"timestamp":"2025-09-05T01:40:23.260036Z","level":"INFO","fields":{"message":"Building site"},"target":"simple_site_builder::builder"}
{"timestamp":"2025-09-05T01:40:23.523554Z","level":"INFO","fields":{"message":"Reloading browser for: http://localhost:5444/"},"target":"simple_site_builder::builder"}
{"timestamp":"2025-09-05T01:40:38.963147Z","level":"INFO","fields":{"message":"Building site"},"target":"simple_site_builder::builder"}
{"timestamp":"2025-09-05T01:40:39.234051Z","level":"INFO","fields":{"message":"Reloading browser for: http://localhost:5444/"},"target":"simple_site_builder::builder"}
{"timestamp":"2025-09-05T01:40:54.624798Z","level":"INFO","fields":{"message":"Building site"},"target":"simple_site_builder::builder"}
{"timestamp":"2025-09-05T01:40:54.897446Z","level":"INFO","fields":{"message":"Reloading browser for: http://localhost:5444/"},"target":"simple_site_builder::builder"}
{"timestamp":"2025-09-05T01:42:16.438400Z","level":"INFO","fields":{"message":"Building site"},"target":"simple_site_builder::builder"}
{"timestamp":"2025-09-05T01:42:16.710672Z","level":"INFO","fields":{"message":"Reloading browser for: http://localhost:5444/"},"target":"simple_site_builder::builder"}
{"timestamp":"2025-09-05T01:42:23.342970Z","level":"INFO","fields":{"message":"Building site"},"target":"simple_site_builder::builder"}
{"timestamp":"2025-09-05T01:42:23.613982Z","level":"INFO","fields":{"message":"Reloading browser for: http://localhost:5444/"},"target":"simple_site_builder::builder"}
{"timestamp":"2025-09-05T01:42:44.002194Z","level":"INFO","fields":{"message":"Building site"},"target":"simple_site_builder::builder"}
{"timestamp":"2025-09-05T01:42:44.287762Z","level":"INFO","fields":{"message":"Reloading browser for: http://localhost:5444/"},"target":"simple_site_builder::builder"}
{"timestamp":"2025-09-05T01:42:57.659240Z","level":"INFO","fields":{"message":"Building site"},"target":"simple_site_builder::builder"}
{"timestamp":"2025-09-05T01:42:57.935735Z","level":"INFO","fields":{"message":"Reloading browser for: http://localhost:5444/"},"target":"simple_site_builder::builder"}
{"timestamp":"2025-09-05T01:44:05.932265Z","level":"INFO","fields":{"message":"Building site"},"target":"simple_site_builder::builder"}
{"timestamp":"2025-09-05T01:44:06.199705Z","level":"INFO","fields":{"message":"Reloading browser for: http://localhost:5444/"},"target":"simple_site_builder::builder"}
{"timestamp":"2025-09-05T01:44:08.952863Z","level":"INFO","fields":{"message":"Building site"},"target":"simple_site_builder::builder"}
{"timestamp":"2025-09-05T01:44:09.233396Z","level":"INFO","fields":{"message":"Reloading browser for: http://localhost:5444/"},"target":"simple_site_builder::builder"}
{"timestamp":"2025-09-05T01:44:17.654653Z","level":"INFO","fields":{"message":"Building site"},"target":"simple_site_builder::builder"}
{"timestamp":"2025-09-05T01:44:17.924732Z","level":"INFO","fields":{"message":"Reloading browser for: http://localhost:5444/"},"target":"simple_site_builder::builder"}
{"timestamp":"2025-09-05T01:44:26.075208Z","level":"INFO","fields":{"message":"Building site"},"target":"simple_site_builder::builder"}
{"timestamp":"2025-09-05T01:44:26.349783Z","level":"INFO","fields":{"message":"Reloading browser for: http://localhost:5444/"},"target":"simple_site_builder::builder"}
{"timestamp":"2025-09-05T01:44:35.239301Z","level":"INFO","fields":{"message":"Building site"},"target":"simple_site_builder::builder"}
{"timestamp":"2025-09-05T01:44:35.502701Z","level":"INFO","fields":{"message":"Reloading browser for: http://localhost:5444/"},"target":"simple_site_builder::builder"}
{"timestamp":"2025-09-05T01:44:49.783824Z","level":"INFO","fields":{"message":"Building site"},"target":"simple_site_builder::builder"}
{"timestamp":"2025-09-05T01:44:50.043806Z","level":"INFO","fields":{"message":"Reloading browser for: http://localhost:5444/"},"target":"simple_site_builder::builder"}
{"timestamp":"2025-09-05T01:45:14.596396Z","level":"INFO","fields":{"message":"Building site"},"target":"simple_site_builder::builder"}
{"timestamp":"2025-09-05T01:45:14.860622Z","level":"INFO","fields":{"message":"Reloading browser for: http://localhost:5444/"},"target":"simple_site_builder::builder"}
{"timestamp":"2025-09-05T01:45:28.835752Z","level":"INFO","fields":{"message":"Building site"},"target":"simple_site_builder::builder"}
{"timestamp":"2025-09-05T01:45:29.089793Z","level":"INFO","fields":{"message":"Reloading browser for: http://localhost:5444/"},"target":"simple_site_builder::builder"}
{"timestamp":"2025-09-05T01:46:23.775561Z","level":"INFO","fields":{"message":"Building site"},"target":"simple_site_builder::builder"}
{"timestamp":"2025-09-05T01:46:24.056432Z","level":"INFO","fields":{"message":"Reloading browser for: http://localhost:5444/"},"target":"simple_site_builder::builder"}
{"timestamp":"2025-09-05T01:46:26.415669Z","level":"INFO","fields":{"message":"Building site"},"target":"simple_site_builder::builder"}
{"timestamp":"2025-09-05T01:46:26.674357Z","level":"INFO","fields":{"message":"Reloading browser for: http://localhost:5444/"},"target":"simple_site_builder::builder"}
{"timestamp":"2025-09-05T01:46:27.401894Z","level":"INFO","fields":{"message":"Building site"},"target":"simple_site_builder::builder"}
{"timestamp":"2025-09-05T01:46:27.661526Z","level":"INFO","fields":{"message":"Reloading browser for: http://localhost:5444/"},"target":"simple_site_builder::builder"}
{"timestamp":"2025-09-05T01:46:28.745943Z","level":"INFO","fields":{"message":"Building site"},"target":"simple_site_builder::builder"}
{"timestamp":"2025-09-05T01:46:29.000296Z","level":"INFO","fields":{"message":"Reloading browser for: http://localhost:5444/"},"target":"simple_site_builder::builder"}
{"timestamp":"2025-09-05T01:46:29.413825Z","level":"INFO","fields":{"message":"Building site"},"target":"simple_site_builder::builder"}
{"timestamp":"2025-09-05T01:46:29.679072Z","level":"INFO","fields":{"message":"Reloading browser for: http://localhost:5444/"},"target":"simple_site_builder::builder"}
{"timestamp":"2025-09-05T01:46:33.970709Z","level":"INFO","fields":{"message":"Building site"},"target":"simple_site_builder::builder"}
{"timestamp":"2025-09-05T01:46:34.237198Z","level":"INFO","fields":{"message":"Reloading browser for: http://localhost:5444/"},"target":"simple_site_builder::builder"}
{"timestamp":"2025-09-05T01:47:29.225482Z","level":"INFO","fields":{"message":"Building site"},"target":"simple_site_builder::builder"}
{"timestamp":"2025-09-05T01:47:29.501571Z","level":"INFO","fields":{"message":"Reloading browser for: http://localhost:5444/"},"target":"simple_site_builder::builder"}
{"timestamp":"2025-09-05T01:47:31.910293Z","level":"INFO","fields":{"message":"Building site"},"target":"simple_site_builder::builder"}
{"timestamp":"2025-09-05T01:47:32.174911Z","level":"INFO","fields":{"message":"Reloading browser for: http://localhost:5444/"},"target":"simple_site_builder::builder"}
{"timestamp":"2025-09-05T01:48:03.380977Z","level":"INFO","fields":{"message":"Building site"},"target":"simple_site_builder::builder"}
{"timestamp":"2025-09-05T01:48:03.653241Z","level":"INFO","fields":{"message":"Reloading browser for: http://localhost:5444/"},"target":"simple_site_builder::builder"}
{"timestamp":"2025-09-05T01:49:35.619214Z","level":"INFO","fields":{"message":"Building site"},"target":"simple_site_builder::builder"}
{"timestamp":"2025-09-05T01:49:35.907842Z","level":"INFO","fields":{"message":"Reloading browser for: http://localhost:5444/"},"target":"simple_site_builder::builder"}
{"timestamp":"2025-09-05T01:49:39.592255Z","level":"INFO","fields":{"message":"Building site"},"target":"simple_site_builder::builder"}
{"timestamp":"2025-09-05T01:49:39.871523Z","level":"INFO","fields":{"message":"Reloading browser for: http://localhost:5444/"},"target":"simple_site_builder::builder"}
{"timestamp":"2025-09-05T01:49:42.184323Z","level":"INFO","fields":{"message":"Building site"},"target":"simple_site_builder::builder"}
{"timestamp":"2025-09-05T01:49:42.445199Z","level":"INFO","fields":{"message":"Reloading browser for: http://localhost:5444/"},"target":"simple_site_builder::builder"}
{"timestamp":"2025-09-05T01:49:47.223663Z","level":"INFO","fields":{"message":"Building site"},"target":"simple_site_builder::builder"}
{"timestamp":"2025-09-05T01:49:47.499915Z","level":"INFO","fields":{"message":"Reloading browser for: http://localhost:5444/"},"target":"simple_site_builder::builder"}
{"timestamp":"2025-09-05T01:49:50.759396Z","level":"INFO","fields":{"message":"Building site"},"target":"simple_site_builder::builder"}
{"timestamp":"2025-09-05T01:49:51.040214Z","level":"INFO","fields":{"message":"Reloading browser for: http://localhost:5444/"},"target":"simple_site_builder::builder"}
{"timestamp":"2025-09-05T01:49:53.666984Z","level":"INFO","fields":{"message":"Building site"},"target":"simple_site_builder::builder"}
{"timestamp":"2025-09-05T01:49:53.941562Z","level":"INFO","fields":{"message":"Reloading browser for: http://localhost:5444/"},"target":"simple_site_builder::builder"}
{"timestamp":"2025-09-05T01:50:03.531698Z","level":"INFO","fields":{"message":"Building site"},"target":"simple_site_builder::builder"}
{"timestamp":"2025-09-05T01:50:03.806783Z","level":"INFO","fields":{"message":"Reloading browser for: http://localhost:5444/"},"target":"simple_site_builder::builder"}
{"timestamp":"2025-09-05T01:50:09.710644Z","level":"INFO","fields":{"message":"Building site"},"target":"simple_site_builder::builder"}
{"timestamp":"2025-09-05T01:50:09.975867Z","level":"INFO","fields":{"message":"Reloading browser for: http://localhost:5444/"},"target":"simple_site_builder::builder"}
{"timestamp":"2025-09-05T01:50:41.874914Z","level":"INFO","fields":{"message":"Building site"},"target":"simple_site_builder::builder"}
{"timestamp":"2025-09-05T01:50:42.151574Z","level":"INFO","fields":{"message":"Reloading browser for: http://localhost:5444/"},"target":"simple_site_builder::builder"}
{"timestamp":"2025-09-05T01:51:24.909958Z","level":"INFO","fields":{"message":"Building site"},"target":"simple_site_builder::builder"}
{"timestamp":"2025-09-05T01:51:25.174173Z","level":"INFO","fields":{"message":"Reloading browser for: http://localhost:5444/"},"target":"simple_site_builder::builder"}
{"timestamp":"2025-09-05T01:51:40.238103Z","level":"INFO","fields":{"message":"Building site"},"target":"simple_site_builder::builder"}
{"timestamp":"2025-09-05T01:51:40.505181Z","level":"INFO","fields":{"message":"Reloading browser for: http://localhost:5444/"},"target":"simple_site_builder::builder"}
{"timestamp":"2025-09-05T01:52:15.308623Z","level":"INFO","fields":{"message":"Building site"},"target":"simple_site_builder::builder"}
{"timestamp":"2025-09-05T01:52:15.575108Z","level":"INFO","fields":{"message":"Reloading browser for: http://localhost:5444/"},"target":"simple_site_builder::builder"}
{"timestamp":"2025-09-05T01:52:41.703499Z","level":"INFO","fields":{"message":"Building site"},"target":"simple_site_builder::builder"}
{"timestamp":"2025-09-05T01:52:41.980795Z","level":"INFO","fields":{"message":"Reloading browser for: http://localhost:5444/"},"target":"simple_site_builder::builder"}
{"timestamp":"2025-09-05T01:52:51.039663Z","level":"INFO","fields":{"message":"Building site"},"target":"simple_site_builder::builder"}
{"timestamp":"2025-09-05T01:52:51.297998Z","level":"INFO","fields":{"message":"Reloading browser for: http://localhost:5444/"},"target":"simple_site_builder::builder"}
{"timestamp":"2025-09-05T01:52:58.385232Z","level":"INFO","fields":{"message":"Building site"},"target":"simple_site_builder::builder"}
{"timestamp":"2025-09-05T01:52:58.658189Z","level":"INFO","fields":{"message":"Reloading browser for: http://localhost:5444/"},"target":"simple_site_builder::builder"}
{"timestamp":"2025-09-05T01:53:47.858476Z","level":"INFO","fields":{"message":"Building site"},"target":"simple_site_builder::builder"}
{"timestamp":"2025-09-05T01:53:48.136506Z","level":"INFO","fields":{"message":"Reloading browser for: http://localhost:5444/"},"target":"simple_site_builder::builder"}
{"timestamp":"2025-09-05T01:54:29.953757Z","level":"INFO","fields":{"message":"Building site"},"target":"simple_site_builder::builder"}
{"timestamp":"2025-09-05T01:54:30.232544Z","level":"INFO","fields":{"message":"Reloading browser for: http://localhost:5444/"},"target":"simple_site_builder::builder"}
{"timestamp":"2025-09-05T01:54:54.734590Z","level":"INFO","fields":{"message":"Building site"},"target":"simple_site_builder::builder"}
{"timestamp":"2025-09-05T01:54:55.015190Z","level":"INFO","fields":{"message":"Reloading browser for: http://localhost:5444/"},"target":"simple_site_builder::builder"}
{"timestamp":"2025-09-05T01:55:53.741870Z","level":"INFO","fields":{"message":"Building site"},"target":"simple_site_builder::builder"}
{"timestamp":"2025-09-05T01:55:54.025630Z","level":"INFO","fields":{"message":"Reloading browser for: http://localhost:5444/"},"target":"simple_site_builder::builder"}
{"timestamp":"2025-09-05T01:56:00.878951Z","level":"INFO","fields":{"message":"Building site"},"target":"simple_site_builder::builder"}
{"timestamp":"2025-09-05T01:56:01.173393Z","level":"INFO","fields":{"message":"Reloading browser for: http://localhost:5444/"},"target":"simple_site_builder::builder"}
{"timestamp":"2025-09-05T01:56:57.282975Z","level":"INFO","fields":{"message":"Building site"},"target":"simple_site_builder::builder"}
{"timestamp":"2025-09-05T01:56:57.559729Z","level":"INFO","fields":{"message":"Reloading browser for: http://localhost:5444/"},"target":"simple_site_builder::builder"}
{"timestamp":"2025-09-05T01:58:15.081517Z","level":"INFO","fields":{"message":"Building site"},"target":"simple_site_builder::builder"}
{"timestamp":"2025-09-05T01:58:15.348803Z","level":"INFO","fields":{"message":"Reloading browser for: http://localhost:5444/"},"target":"simple_site_builder::builder"}
{"timestamp":"2025-09-05T01:58:19.172908Z","level":"INFO","fields":{"message":"Building site"},"target":"simple_site_builder::builder"}
{"timestamp":"2025-09-05T01:58:19.449162Z","level":"INFO","fields":{"message":"Reloading browser for: http://localhost:5444/"},"target":"simple_site_builder::builder"}
{"timestamp":"2025-09-05T01:58:21.961563Z","level":"INFO","fields":{"message":"Building site"},"target":"simple_site_builder::builder"}
{"timestamp":"2025-09-05T01:58:22.239110Z","level":"INFO","fields":{"message":"Reloading browser for: http://localhost:5444/"},"target":"simple_site_builder::builder"}
{"timestamp":"2025-09-05T01:58:26.197182Z","level":"INFO","fields":{"message":"Building site"},"target":"simple_site_builder::builder"}
{"timestamp":"2025-09-05T01:58:26.483614Z","level":"INFO","fields":{"message":"Reloading browser for: http://localhost:5444/"},"target":"simple_site_builder::builder"}
{"timestamp":"2025-09-05T01:58:30.620858Z","level":"INFO","fields":{"message":"Building site"},"target":"simple_site_builder::builder"}
{"timestamp":"2025-09-05T01:58:30.897314Z","level":"INFO","fields":{"message":"Reloading browser for: http://localhost:5444/"},"target":"simple_site_builder::builder"}
{"timestamp":"2025-09-05T01:58:31.791724Z","level":"INFO","fields":{"message":"Building site"},"target":"simple_site_builder::builder"}
{"timestamp":"2025-09-05T01:58:32.071895Z","level":"INFO","fields":{"message":"Reloading browser for: http://localhost:5444/"},"target":"simple_site_builder::builder"}
{"timestamp":"2025-09-05T01:58:37.273596Z","level":"INFO","fields":{"message":"Building site"},"target":"simple_site_builder::builder"}
{"timestamp":"2025-09-05T01:58:37.539772Z","level":"INFO","fields":{"message":"Reloading browser for: http://localhost:5444/"},"target":"simple_site_builder::builder"}
{"timestamp":"2025-09-05T01:58:42.725437Z","level":"INFO","fields":{"message":"Building site"},"target":"simple_site_builder::builder"}
{"timestamp":"2025-09-05T01:58:42.999549Z","level":"INFO","fields":{"message":"Reloading browser for: http://localhost:5444/"},"target":"simple_site_builder::builder"}
{"timestamp":"2025-09-05T01:58:44.451791Z","level":"INFO","fields":{"message":"Building site"},"target":"simple_site_builder::builder"}
{"timestamp":"2025-09-05T01:58:44.722416Z","level":"INFO","fields":{"message":"Reloading browser for: http://localhost:5444/"},"target":"simple_site_builder::builder"}
{"timestamp":"2025-09-05T01:59:02.218997Z","level":"INFO","fields":{"message":"Building site"},"target":"simple_site_builder::builder"}
{"timestamp":"2025-09-05T01:59:02.503020Z","level":"INFO","fields":{"message":"Reloading browser for: http://localhost:5444/"},"target":"simple_site_builder::builder"}
{"timestamp":"2025-09-05T01:59:30.581853Z","level":"INFO","fields":{"message":"Building site"},"target":"simple_site_builder::builder"}
{"timestamp":"2025-09-05T01:59:30.870661Z","level":"INFO","fields":{"message":"Reloading browser for: http://localhost:5444/"},"target":"simple_site_builder::builder"}
{"timestamp":"2025-09-05T02:10:25.172289Z","level":"INFO","fields":{"message":"Building site"},"target":"simple_site_builder::builder"}
{"timestamp":"2025-09-05T02:10:25.461409Z","level":"INFO","fields":{"message":"Reloading browser for: http://localhost:5444/"},"target":"simple_site_builder::builder"}
{"timestamp":"2025-09-05T02:11:21.457452Z","level":"INFO","fields":{"message":"Building site"},"target":"simple_site_builder::builder"}
{"timestamp":"2025-09-05T02:11:21.758352Z","level":"INFO","fields":{"message":"Reloading browser for: http://localhost:5444/"},"target":"simple_site_builder::builder"}
{"timestamp":"2025-09-05T02:11:37.376845Z","level":"INFO","fields":{"message":"Building site"},"target":"simple_site_builder::builder"}
{"timestamp":"2025-09-05T02:11:37.689896Z","level":"INFO","fields":{"message":"Reloading browser for: http://localhost:5444/"},"target":"simple_site_builder::builder"}
{"timestamp":"2025-09-05T02:13:08.294470Z","level":"INFO","fields":{"message":"Building site"},"target":"simple_site_builder::builder"}
{"timestamp":"2025-09-05T02:13:08.568064Z","level":"INFO","fields":{"message":"Reloading browser for: http://localhost:5444/"},"target":"simple_site_builder::builder"}
{"timestamp":"2025-09-05T02:13:22.588916Z","level":"INFO","fields":{"message":"Building site"},"target":"simple_site_builder::builder"}
{"timestamp":"2025-09-05T02:13:22.860393Z","level":"INFO","fields":{"message":"Reloading browser for: http://localhost:5444/"},"target":"simple_site_builder::builder"}
{"timestamp":"2025-09-05T02:13:54.055216Z","level":"INFO","fields":{"message":"Building site"},"target":"simple_site_builder::builder"}
{"timestamp":"2025-09-05T02:13:54.338753Z","level":"INFO","fields":{"message":"Reloading browser for: http://localhost:5444/"},"target":"simple_site_builder::builder"}
{"timestamp":"2025-09-05T02:14:18.483146Z","level":"INFO","fields":{"message":"Building site"},"target":"simple_site_builder::builder"}
{"timestamp":"2025-09-05T02:14:18.762707Z","level":"INFO","fields":{"message":"Reloading browser for: http://localhost:5444/"},"target":"simple_site_builder::builder"}
{"timestamp":"2025-09-05T02:15:44.224123Z","level":"INFO","fields":{"message":"Building site"},"target":"simple_site_builder::builder"}
{"timestamp":"2025-09-05T02:15:44.503209Z","level":"INFO","fields":{"message":"Reloading browser for: http://localhost:5444/"},"target":"simple_site_builder::builder"}
