2025-09-04T03:29:28.718126Z|I|src/bin/bs.rs|24
Initilizing
2025-09-04T03:29:28.718171Z|I|src/watcher/mod.rs|27
Starting watcher
2025-09-04T03:29:28.718925Z|I|src/server/mod.rs|25
Starting web server
2025-09-04T03:29:28.719031Z|I|src/server/mod.rs|27
Found port for web server: 5444
2025-09-04T03:29:28.719437Z|I|src/builder/mod.rs|166
Starting builder
2025-09-04T03:29:28.719444Z|I|src/builder/mod.rs|37
Building site
2025-09-04T03:29:28.719832Z|I|src/builder/mod.rs|40
Reloading browser
2025-09-04T03:29:28.720196Z|I|/Users/alan/.cargo/registry/src/index.crates.io-1949cf8c6b5b557f/watchexec-8.0.1/src/sources/fs.rs|159
obtaining pathset [3mconfig_pathset[0m[2m=[0m[WatchedPath { path: "content", recursive: true }]
2025-09-04T03:31:25.699462Z|I|src/bin/bs.rs|24
Initilizing
2025-09-04T03:31:25.699503Z|I|src/watcher/mod.rs|27
Starting watcher
2025-09-04T03:31:25.699580Z|I|src/server/mod.rs|25
Starting web server
2025-09-04T03:31:25.699589Z|I|src/builder/mod.rs|166
Starting builder
2025-09-04T03:31:25.699596Z|I|src/builder/mod.rs|37
Building site
2025-09-04T03:31:25.699678Z|I|/Users/alan/.cargo/registry/src/index.crates.io-1949cf8c6b5b557f/watchexec-8.0.1/src/sources/fs.rs|159
obtaining pathset [3mconfig_pathset[0m[2m=[0m[WatchedPath { path: "content", recursive: true }]
2025-09-04T03:31:25.699688Z|I|src/server/mod.rs|27
Found port for web server: 5444
2025-09-04T03:31:25.720119Z|I|src/builder/mod.rs|40
Reloading browser
2025-09-04T03:31:54.331384Z|I|src/builder/mod.rs|37
Building site
2025-09-04T03:31:54.375934Z|I|src/builder/mod.rs|40
Reloading browser
2025-09-04T03:33:04.825665Z|I|src/builder/mod.rs|37
Building site
2025-09-04T03:33:04.873950Z|I|src/builder/mod.rs|40
Reloading browser
2025-09-04T03:33:26.482736Z|I|src/builder/mod.rs|37
Building site
2025-09-04T03:33:26.536447Z|I|src/builder/mod.rs|40
Reloading browser
2025-09-04T03:33:38.844909Z|I|src/bin/bs.rs|24
Initilizing
2025-09-04T03:33:38.844962Z|I|src/watcher/mod.rs|27
Starting watcher
2025-09-04T03:33:38.845015Z|I|src/server/mod.rs|25
Starting web server
2025-09-04T03:33:38.845043Z|I|src/builder/mod.rs|166
Starting builder
2025-09-04T03:33:38.845060Z|I|src/builder/mod.rs|37
Building site
2025-09-04T03:33:38.845111Z|I|src/server/mod.rs|27
Found port for web server: 5444
2025-09-04T03:33:38.845164Z|I|/Users/alan/.cargo/registry/src/index.crates.io-1949cf8c6b5b557f/watchexec-8.0.1/src/sources/fs.rs|159
obtaining pathset [3mconfig_pathset[0m[2m=[0m[WatchedPath { path: "content", recursive: true }]
2025-09-04T03:33:38.876987Z|I|src/builder/mod.rs|40
Reloading browser
2025-09-04T03:34:08.010076Z|I|src/builder/mod.rs|37
Building site
2025-09-04T03:34:08.056299Z|I|src/builder/mod.rs|40
Reloading browser
2025-09-04T03:35:45.433441Z|I|src/bin/bs.rs|24
Initilizing
2025-09-04T03:35:45.433464Z|I|src/watcher/mod.rs|27
Starting watcher
2025-09-04T03:35:45.433502Z|I|src/builder/mod.rs|166
Starting builder
2025-09-04T03:35:45.433505Z|I|src/builder/mod.rs|37
Building site
2025-09-04T03:35:45.433532Z|I|src/server/mod.rs|25
Starting web server
2025-09-04T03:35:45.433612Z|I|src/server/mod.rs|27
Found port for web server: 5444
2025-09-04T03:35:45.433642Z|I|/Users/alan/.cargo/registry/src/index.crates.io-1949cf8c6b5b557f/watchexec-8.0.1/src/sources/fs.rs|159
obtaining pathset [3mconfig_pathset[0m[2m=[0m[WatchedPath { path: "content", recursive: true }]
2025-09-04T03:35:45.687530Z|I|src/builder/mod.rs|40
Reloading browser
2025-09-04T03:37:21.879007Z|I|src/builder/mod.rs|37
Building site
2025-09-04T03:37:22.109514Z|I|src/builder/mod.rs|40
Reloading browser
2025-09-04T03:37:28.901966Z|I|src/builder/mod.rs|37
Building site
2025-09-04T03:37:29.124236Z|I|src/builder/mod.rs|40
Reloading browser
2025-09-04T03:38:00.813178Z|I|src/builder/mod.rs|37
Building site
2025-09-04T03:38:01.043717Z|I|src/builder/mod.rs|40
Reloading browser
2025-09-04T03:39:14.122704Z|I|src/builder/mod.rs|37
Building site
2025-09-04T03:39:14.360108Z|I|src/builder/mod.rs|40
Reloading browser
2025-09-04T03:39:22.172479Z|I|src/builder/mod.rs|37
Building site
2025-09-04T03:39:22.399628Z|I|src/builder/mod.rs|40
Reloading browser
2025-09-04T03:39:34.681685Z|I|src/builder/mod.rs|37
Building site
2025-09-04T03:39:35.016104Z|I|src/builder/mod.rs|40
Reloading browser
2025-09-04T03:39:42.908169Z|I|src/builder/mod.rs|37
Building site
2025-09-04T03:39:43.136220Z|I|src/builder/mod.rs|40
Reloading browser
2025-09-04T03:40:13.252700Z|I|src/builder/mod.rs|37
Building site
2025-09-04T03:40:13.510469Z|I|src/builder/mod.rs|40
Reloading browser
2025-09-04T03:40:46.865923Z|I|src/builder/mod.rs|37
Building site
2025-09-04T03:40:47.120452Z|I|src/builder/mod.rs|40
Reloading browser
2025-09-04T03:41:40.269717Z|I|src/builder/mod.rs|37
Building site
2025-09-04T03:41:40.513664Z|I|src/builder/mod.rs|40
Reloading browser
2025-09-04T03:41:49.656373Z|I|src/builder/mod.rs|37
Building site
2025-09-04T03:41:49.898752Z|I|src/builder/mod.rs|40
Reloading browser
2025-09-04T03:41:56.986031Z|I|src/builder/mod.rs|37
Building site
2025-09-04T03:41:57.222322Z|I|src/builder/mod.rs|40
Reloading browser
2025-09-04T03:42:08.809329Z|I|src/builder/mod.rs|37
Building site
2025-09-04T03:42:09.048143Z|I|src/builder/mod.rs|40
Reloading browser
2025-09-04T03:42:24.887376Z|I|src/builder/mod.rs|37
Building site
2025-09-04T03:42:25.124432Z|I|src/builder/mod.rs|40
Reloading browser
2025-09-04T03:45:11.482828Z|I|src/builder/mod.rs|37
Building site
2025-09-04T03:45:11.723654Z|I|src/builder/mod.rs|40
Reloading browser
2025-09-04T03:46:15.411188Z|I|src/builder/mod.rs|37
Building site
2025-09-04T03:46:15.674538Z|I|src/builder/mod.rs|40
Reloading browser
2025-09-04T03:46:59.252576Z|I|src/builder/mod.rs|37
Building site
2025-09-04T03:46:59.515662Z|I|src/builder/mod.rs|40
Reloading browser
2025-09-04T03:47:32.527971Z|I|src/builder/mod.rs|37
Building site
2025-09-04T03:47:32.815307Z|I|src/builder/mod.rs|40
Reloading browser
2025-09-04T03:47:51.567109Z|I|src/builder/mod.rs|37
Building site
2025-09-04T03:47:51.836494Z|I|src/builder/mod.rs|40
Reloading browser
2025-09-04T03:48:25.525320Z|I|src/builder/mod.rs|37
Building site
2025-09-04T03:48:25.799248Z|I|src/builder/mod.rs|40
Reloading browser
2025-09-04T03:48:29.385332Z|I|src/builder/mod.rs|37
Building site
2025-09-04T03:48:29.639027Z|I|src/builder/mod.rs|40
Reloading browser
2025-09-04T03:49:37.620305Z|I|src/builder/mod.rs|37
Building site
2025-09-04T03:49:37.869045Z|I|src/builder/mod.rs|40
Reloading browser
2025-09-04T03:49:40.387033Z|I|src/builder/mod.rs|37
Building site
2025-09-04T03:49:40.645961Z|I|src/builder/mod.rs|40
Reloading browser
2025-09-04T03:49:55.583568Z|I|src/builder/mod.rs|37
Building site
2025-09-04T03:49:55.848624Z|I|src/builder/mod.rs|40
Reloading browser
2025-09-04T03:50:11.165578Z|I|src/builder/mod.rs|37
Building site
2025-09-04T03:50:11.433755Z|I|src/builder/mod.rs|40
Reloading browser
2025-09-04T03:50:15.161078Z|I|src/builder/mod.rs|37
Building site
2025-09-04T03:50:15.404211Z|I|src/builder/mod.rs|40
Reloading browser
2025-09-04T03:50:18.239254Z|I|src/builder/mod.rs|37
Building site
2025-09-04T03:50:18.498980Z|I|src/builder/mod.rs|40
Reloading browser
2025-09-04T03:51:24.003869Z|I|src/builder/mod.rs|37
Building site
2025-09-04T03:51:24.263454Z|I|src/builder/mod.rs|40
Reloading browser
2025-09-04T03:52:40.449121Z|I|src/builder/mod.rs|37
Building site
2025-09-04T03:52:40.704086Z|I|src/builder/mod.rs|40
Reloading browser
