2025-09-05T00:15:11.232206Z|I|src/bin/ssb.rs|26
Initilizing
2025-09-05T00:15:11.232309Z|I|src/bin/ssb.rs|29
Found port for web server: 5445
2025-09-05T00:15:11.232388Z|I|src/watcher/mod.rs|27
Starting watcher
2025-09-05T00:15:11.232520Z|I|src/server/mod.rs|28
Starting web server
2025-09-05T00:15:11.232533Z|I|src/builder/mod.rs|155
Starting builder
2025-09-05T00:15:11.232641Z|I|src/builder/mod.rs|39
Building site
2025-09-05T00:15:11.233114Z|I|/Users/alan/.cargo/registry/src/index.crates.io-1949cf8c6b5b557f/watchexec-8.0.1/src/sources/fs.rs|159
obtaining pathset [3mconfig_pathset[0m[2m=[0m[WatchedPath { path: "content", recursive: true }]
2025-09-05T00:15:11.519224Z|I|src/builder/mod.rs|44
Reloading browser for: http://localhost:5445/
2025-09-05T00:16:12.166619Z|I|src/builder/mod.rs|39
Building site
2025-09-05T00:16:12.426653Z|I|src/builder/mod.rs|44
Reloading browser for: http://localhost:5445/
2025-09-05T00:16:24.695579Z|I|src/builder/mod.rs|39
Building site
2025-09-05T00:16:24.963376Z|I|src/builder/mod.rs|44
Reloading browser for: http://localhost:5445/
2025-09-05T00:16:31.991550Z|I|src/builder/mod.rs|39
Building site
2025-09-05T00:16:32.258197Z|I|src/builder/mod.rs|44
Reloading browser for: http://localhost:5445/
2025-09-05T00:16:38.715946Z|I|src/builder/mod.rs|39
Building site
2025-09-05T00:16:38.979910Z|I|src/builder/mod.rs|44
Reloading browser for: http://localhost:5445/
2025-09-05T00:17:24.308750Z|I|src/builder/mod.rs|39
Building site
2025-09-05T00:17:24.585151Z|I|src/builder/mod.rs|44
Reloading browser for: http://localhost:5445/
2025-09-05T00:17:29.936491Z|I|src/builder/mod.rs|39
Building site
2025-09-05T00:17:30.218776Z|I|src/builder/mod.rs|44
Reloading browser for: http://localhost:5445/
2025-09-05T00:17:32.108250Z|I|src/builder/mod.rs|39
Building site
2025-09-05T00:17:32.375295Z|I|src/builder/mod.rs|44
Reloading browser for: http://localhost:5445/
2025-09-05T00:18:12.511874Z|I|src/builder/mod.rs|39
Building site
2025-09-05T00:18:12.807044Z|I|src/builder/mod.rs|44
Reloading browser for: http://localhost:5445/
2025-09-05T00:20:29.575906Z|I|src/builder/mod.rs|39
Building site
2025-09-05T00:20:29.881195Z|I|src/builder/mod.rs|44
Reloading browser for: http://localhost:5445/
2025-09-05T00:21:23.004582Z|I|src/builder/mod.rs|39
Building site
2025-09-05T00:21:23.289766Z|I|src/builder/mod.rs|44
Reloading browser for: http://localhost:5445/
2025-09-05T00:21:56.134167Z|I|src/builder/mod.rs|39
Building site
2025-09-05T00:21:56.420600Z|I|src/builder/mod.rs|44
Reloading browser for: http://localhost:5445/
2025-09-05T00:23:14.812978Z|I|src/builder/mod.rs|39
Building site
2025-09-05T00:23:15.077714Z|I|src/builder/mod.rs|44
Reloading browser for: http://localhost:5445/
2025-09-05T00:25:17.103414Z|I|src/builder/mod.rs|39
Building site
2025-09-05T00:25:17.385960Z|I|src/builder/mod.rs|44
Reloading browser for: http://localhost:5445/
2025-09-05T00:26:39.710414Z|I|src/builder/mod.rs|39
Building site
2025-09-05T00:26:39.987773Z|I|src/builder/mod.rs|44
Reloading browser for: http://localhost:5445/
2025-09-05T00:26:58.155052Z|I|src/builder/mod.rs|39
Building site
2025-09-05T00:26:58.431329Z|I|src/builder/mod.rs|44
Reloading browser for: http://localhost:5445/
2025-09-05T00:27:36.345588Z|I|src/builder/mod.rs|39
Building site
2025-09-05T00:27:36.639050Z|I|src/builder/mod.rs|44
Reloading browser for: http://localhost:5445/
2025-09-05T00:27:49.453860Z|I|src/builder/mod.rs|39
Building site
2025-09-05T00:27:49.721484Z|I|src/builder/mod.rs|44
Reloading browser for: http://localhost:5445/
2025-09-05T00:28:45.814139Z|I|src/builder/mod.rs|39
Building site
2025-09-05T00:28:46.085788Z|I|src/builder/mod.rs|44
Reloading browser for: http://localhost:5445/
2025-09-05T00:28:47.336832Z|I|src/builder/mod.rs|39
Building site
2025-09-05T00:28:47.601077Z|I|src/builder/mod.rs|44
Reloading browser for: http://localhost:5445/
2025-09-05T00:29:05.234291Z|I|src/builder/mod.rs|39
Building site
2025-09-05T00:29:05.499593Z|I|src/builder/mod.rs|44
Reloading browser for: http://localhost:5445/
2025-09-05T00:29:24.525607Z|I|src/builder/mod.rs|39
Building site
2025-09-05T00:29:24.804074Z|I|src/builder/mod.rs|44
Reloading browser for: http://localhost:5445/
2025-09-05T00:30:08.289585Z|I|src/builder/mod.rs|39
Building site
2025-09-05T00:30:08.584795Z|I|src/builder/mod.rs|44
Reloading browser for: http://localhost:5445/
2025-09-05T00:30:19.952416Z|I|src/builder/mod.rs|39
Building site
2025-09-05T00:30:20.231478Z|I|src/builder/mod.rs|44
Reloading browser for: http://localhost:5445/
2025-09-05T00:30:51.027099Z|I|src/builder/mod.rs|39
Building site
2025-09-05T00:30:51.304649Z|I|src/builder/mod.rs|44
Reloading browser for: http://localhost:5445/
2025-09-05T00:35:41.719559Z|I|src/builder/mod.rs|39
Building site
2025-09-05T00:35:42.002741Z|I|src/builder/mod.rs|44
Reloading browser for: http://localhost:5445/
2025-09-05T00:35:48.891725Z|I|src/builder/mod.rs|39
Building site
2025-09-05T00:35:49.152342Z|I|src/builder/mod.rs|44
Reloading browser for: http://localhost:5445/
2025-09-05T00:36:04.142484Z|I|src/builder/mod.rs|39
Building site
2025-09-05T00:36:04.415080Z|I|src/builder/mod.rs|44
Reloading browser for: http://localhost:5445/
2025-09-05T00:36:11.898803Z|I|src/builder/mod.rs|39
Building site
2025-09-05T00:36:12.154945Z|I|src/builder/mod.rs|44
Reloading browser for: http://localhost:5445/
2025-09-05T01:14:56.782460Z|I|src/bin/ssb.rs|26
Initilizing
2025-09-05T01:14:56.782628Z|I|src/bin/ssb.rs|29
Found port for web server: 5445
2025-09-05T01:14:56.782739Z|I|src/watcher/mod.rs|27
Starting watcher
2025-09-05T01:14:56.784175Z|I|src/server/mod.rs|28
Starting web server
2025-09-05T01:14:56.784805Z|I|src/builder/mod.rs|156
Starting builder
2025-09-05T01:14:56.784853Z|I|src/builder/mod.rs|40
Building site
2025-09-05T01:14:56.786877Z|I|/Users/alan/.cargo/registry/src/index.crates.io-1949cf8c6b5b557f/watchexec-8.0.1/src/sources/fs.rs|159
obtaining pathset [3mconfig_pathset[0m[2m=[0m[WatchedPath { path: "content", recursive: true }]
2025-09-05T01:14:57.110806Z|I|src/builder/mod.rs|45
Reloading browser for: http://localhost:5445/
2025-09-05T01:15:49.714496Z|I|src/builder/mod.rs|40
Building site
2025-09-05T01:15:49.982859Z|I|src/builder/mod.rs|45
Reloading browser for: http://localhost:5445/
2025-09-05T01:15:51.966105Z|I|src/builder/mod.rs|40
Building site
2025-09-05T01:15:52.238511Z|I|src/builder/mod.rs|45
Reloading browser for: http://localhost:5445/
2025-09-05T01:15:53.677205Z|I|src/builder/mod.rs|40
Building site
2025-09-05T01:15:53.941200Z|I|src/builder/mod.rs|45
Reloading browser for: http://localhost:5445/
2025-09-05T01:20:01.138198Z|I|src/builder/mod.rs|40
Building site
2025-09-05T01:20:01.437686Z|I|src/builder/mod.rs|45
Reloading browser for: http://localhost:5445/
2025-09-05T01:20:36.830190Z|I|src/builder/mod.rs|40
Building site
2025-09-05T01:20:37.101484Z|I|src/builder/mod.rs|45
Reloading browser for: http://localhost:5445/
2025-09-05T01:20:51.001620Z|I|src/builder/mod.rs|40
Building site
2025-09-05T01:20:51.276134Z|I|src/builder/mod.rs|45
Reloading browser for: http://localhost:5445/
2025-09-05T01:20:59.949526Z|I|src/builder/mod.rs|40
Building site
2025-09-05T01:21:00.223326Z|I|src/builder/mod.rs|45
Reloading browser for: http://localhost:5445/
2025-09-05T01:21:28.053175Z|I|src/bin/ssb.rs|26
Initilizing
2025-09-05T01:21:28.053304Z|I|src/bin/ssb.rs|29
Found port for web server: 5445
2025-09-05T01:21:28.053341Z|I|src/watcher/mod.rs|27
Starting watcher
2025-09-05T01:21:28.053915Z|I|src/server/mod.rs|28
Starting web server
2025-09-05T01:21:28.056791Z|I|src/builder/mod.rs|156
Starting builder
2025-09-05T01:21:28.057998Z|I|src/builder/mod.rs|40
Building site
2025-09-05T01:21:28.058546Z|I|/Users/alan/.cargo/registry/src/index.crates.io-1949cf8c6b5b557f/watchexec-8.0.1/src/sources/fs.rs|159
obtaining pathset [3mconfig_pathset[0m[2m=[0m[WatchedPath { path: "content", recursive: true }]
2025-09-05T01:21:28.372962Z|I|src/builder/mod.rs|45
Reloading browser for: http://localhost:5445/
2025-09-05T01:22:38.483765Z|I|src/bin/ssb.rs|26
Initilizing
2025-09-05T01:22:38.484115Z|I|src/bin/ssb.rs|29
Found port for web server: 5445
2025-09-05T01:22:38.484443Z|I|src/watcher/mod.rs|27
Starting watcher
2025-09-05T01:22:38.484769Z|I|src/server/mod.rs|28
Starting web server
2025-09-05T01:22:38.485074Z|I|src/builder/mod.rs|156
Starting builder
2025-09-05T01:22:38.485122Z|I|src/builder/mod.rs|40
Building site
2025-09-05T01:22:38.495500Z|I|/Users/alan/.cargo/registry/src/index.crates.io-1949cf8c6b5b557f/watchexec-8.0.1/src/sources/fs.rs|159
obtaining pathset [3mconfig_pathset[0m[2m=[0m[WatchedPath { path: "content", recursive: true }]
2025-09-05T01:22:38.800620Z|I|src/builder/mod.rs|45
Reloading browser for: http://localhost:5445/
2025-09-05T01:22:53.838667Z|I|src/builder/mod.rs|40
Building site
2025-09-05T01:22:54.105818Z|I|src/builder/mod.rs|45
Reloading browser for: http://localhost:5445/
2025-09-05T01:23:12.042138Z|I|src/builder/mod.rs|40
Building site
2025-09-05T01:23:12.309772Z|I|src/builder/mod.rs|45
Reloading browser for: http://localhost:5445/
2025-09-05T01:23:34.699989Z|I|src/builder/mod.rs|40
Building site
2025-09-05T01:23:34.972179Z|I|src/builder/mod.rs|45
Reloading browser for: http://localhost:5445/
2025-09-05T01:24:20.273243Z|I|src/builder/mod.rs|40
Building site
2025-09-05T01:24:20.551019Z|I|src/builder/mod.rs|45
Reloading browser for: http://localhost:5445/
2025-09-05T01:24:49.670816Z|I|src/builder/mod.rs|40
Building site
2025-09-05T01:24:49.931505Z|I|src/builder/mod.rs|45
Reloading browser for: http://localhost:5445/
2025-09-05T01:24:50.823460Z|I|src/builder/mod.rs|40
Building site
2025-09-05T01:24:51.079697Z|I|src/builder/mod.rs|45
Reloading browser for: http://localhost:5445/
2025-09-05T01:24:57.727665Z|I|src/builder/mod.rs|40
Building site
2025-09-05T01:24:57.996704Z|I|src/builder/mod.rs|45
Reloading browser for: http://localhost:5445/
2025-09-05T01:27:47.731050Z|I|src/builder/mod.rs|40
Building site
2025-09-05T01:27:47.990828Z|I|src/builder/mod.rs|45
Reloading browser for: http://localhost:5445/
2025-09-05T01:27:55.142349Z|I|src/builder/mod.rs|40
Building site
2025-09-05T01:27:55.412887Z|I|src/builder/mod.rs|45
Reloading browser for: http://localhost:5445/
2025-09-05T01:27:56.289494Z|I|src/builder/mod.rs|40
Building site
2025-09-05T01:27:56.590052Z|I|src/builder/mod.rs|45
Reloading browser for: http://localhost:5445/
2025-09-05T01:28:39.843097Z|I|src/builder/mod.rs|40
Building site
2025-09-05T01:28:40.126654Z|I|src/builder/mod.rs|45
Reloading browser for: http://localhost:5445/
2025-09-05T01:28:46.407863Z|I|src/builder/mod.rs|40
Building site
2025-09-05T01:28:46.686829Z|I|src/builder/mod.rs|45
Reloading browser for: http://localhost:5445/
2025-09-05T01:28:50.401947Z|I|src/builder/mod.rs|40
Building site
2025-09-05T01:28:50.678341Z|I|src/builder/mod.rs|45
Reloading browser for: http://localhost:5445/
2025-09-05T01:29:09.755051Z|I|src/builder/mod.rs|40
Building site
2025-09-05T01:29:10.015937Z|I|src/builder/mod.rs|45
Reloading browser for: http://localhost:5445/
2025-09-05T01:29:19.176088Z|I|src/builder/mod.rs|40
Building site
2025-09-05T01:29:19.470344Z|I|src/builder/mod.rs|45
Reloading browser for: http://localhost:5445/
2025-09-05T01:29:40.178308Z|I|src/builder/mod.rs|40
Building site
2025-09-05T01:29:40.443481Z|I|src/builder/mod.rs|45
Reloading browser for: http://localhost:5445/
2025-09-05T01:29:41.702060Z|I|src/builder/mod.rs|40
Building site
2025-09-05T01:29:41.975944Z|I|src/builder/mod.rs|45
Reloading browser for: http://localhost:5445/
2025-09-05T01:30:01.137701Z|I|src/builder/mod.rs|40
Building site
2025-09-05T01:30:01.421491Z|I|src/builder/mod.rs|45
Reloading browser for: http://localhost:5445/
2025-09-05T01:31:29.568513Z|I|src/builder/mod.rs|40
Building site
2025-09-05T01:31:29.851837Z|I|src/builder/mod.rs|45
Reloading browser for: http://localhost:5445/
2025-09-05T01:34:19.637266Z|I|src/builder/mod.rs|40
Building site
2025-09-05T01:34:19.907060Z|I|src/builder/mod.rs|45
Reloading browser for: http://localhost:5445/
2025-09-05T01:34:22.785203Z|I|src/bin/ssb.rs|26
Initilizing
2025-09-05T01:34:22.785354Z|I|src/bin/ssb.rs|29
Found port for web server: 5444
2025-09-05T01:34:22.785477Z|I|src/watcher/mod.rs|27
Starting watcher
2025-09-05T01:34:22.785786Z|I|src/server/mod.rs|28
Starting web server
2025-09-05T01:34:22.787522Z|I|src/builder/mod.rs|156
Starting builder
2025-09-05T01:34:22.787595Z|I|src/builder/mod.rs|40
Building site
2025-09-05T01:34:22.788037Z|I|/Users/alan/.cargo/registry/src/index.crates.io-1949cf8c6b5b557f/watchexec-8.0.1/src/sources/fs.rs|159
obtaining pathset [3mconfig_pathset[0m[2m=[0m[WatchedPath { path: "content", recursive: true }]
2025-09-05T01:34:23.106077Z|I|src/builder/mod.rs|45
Reloading browser for: http://localhost:5444/
2025-09-05T01:34:55.139172Z|I|src/builder/mod.rs|40
Building site
2025-09-05T01:34:55.410862Z|I|src/builder/mod.rs|45
Reloading browser for: http://localhost:5444/
2025-09-05T01:35:26.085551Z|I|src/builder/mod.rs|40
Building site
2025-09-05T01:35:26.389370Z|I|src/builder/mod.rs|45
Reloading browser for: http://localhost:5444/
2025-09-05T01:35:52.972078Z|I|src/builder/mod.rs|40
Building site
2025-09-05T01:35:53.242078Z|I|src/builder/mod.rs|45
Reloading browser for: http://localhost:5444/
2025-09-05T01:36:25.287967Z|I|src/builder/mod.rs|40
Building site
2025-09-05T01:36:25.559914Z|I|src/builder/mod.rs|45
Reloading browser for: http://localhost:5444/
2025-09-05T01:36:55.144312Z|I|src/builder/mod.rs|40
Building site
2025-09-05T01:36:55.412188Z|I|src/builder/mod.rs|45
Reloading browser for: http://localhost:5444/
2025-09-05T01:37:17.768085Z|I|src/builder/mod.rs|40
Building site
2025-09-05T01:37:18.042596Z|I|src/builder/mod.rs|45
Reloading browser for: http://localhost:5444/
2025-09-05T01:38:16.050417Z|I|src/builder/mod.rs|40
Building site
2025-09-05T01:38:16.316649Z|I|src/builder/mod.rs|45
Reloading browser for: http://localhost:5444/
2025-09-05T01:38:20.591660Z|I|src/builder/mod.rs|40
Building site
2025-09-05T01:38:20.859472Z|I|src/builder/mod.rs|45
Reloading browser for: http://localhost:5444/
2025-09-05T01:38:44.155992Z|I|src/builder/mod.rs|40
Building site
2025-09-05T01:38:44.431175Z|I|src/builder/mod.rs|45
Reloading browser for: http://localhost:5444/
2025-09-05T01:39:41.437333Z|I|src/builder/mod.rs|40
Building site
2025-09-05T01:39:41.699432Z|I|src/builder/mod.rs|45
Reloading browser for: http://localhost:5444/
2025-09-05T01:40:23.260070Z|I|src/builder/mod.rs|40
Building site
2025-09-05T01:40:23.523578Z|I|src/builder/mod.rs|45
Reloading browser for: http://localhost:5444/
2025-09-05T01:40:38.963180Z|I|src/builder/mod.rs|40
Building site
2025-09-05T01:40:39.234074Z|I|src/builder/mod.rs|45
Reloading browser for: http://localhost:5444/
2025-09-05T01:40:54.624827Z|I|src/builder/mod.rs|40
Building site
2025-09-05T01:40:54.897472Z|I|src/builder/mod.rs|45
Reloading browser for: http://localhost:5444/
2025-09-05T01:42:16.438429Z|I|src/builder/mod.rs|40
Building site
2025-09-05T01:42:16.710694Z|I|src/builder/mod.rs|45
Reloading browser for: http://localhost:5444/
2025-09-05T01:42:23.343001Z|I|src/builder/mod.rs|40
Building site
2025-09-05T01:42:23.614009Z|I|src/builder/mod.rs|45
Reloading browser for: http://localhost:5444/
2025-09-05T01:42:44.002235Z|I|src/builder/mod.rs|40
Building site
2025-09-05T01:42:44.287786Z|I|src/builder/mod.rs|45
Reloading browser for: http://localhost:5444/
2025-09-05T01:42:57.659271Z|I|src/builder/mod.rs|40
Building site
2025-09-05T01:42:57.935758Z|I|src/builder/mod.rs|45
Reloading browser for: http://localhost:5444/
2025-09-05T01:44:05.932294Z|I|src/builder/mod.rs|40
Building site
2025-09-05T01:44:06.199724Z|I|src/builder/mod.rs|45
Reloading browser for: http://localhost:5444/
2025-09-05T01:44:08.952894Z|I|src/builder/mod.rs|40
Building site
2025-09-05T01:44:09.233419Z|I|src/builder/mod.rs|45
Reloading browser for: http://localhost:5444/
2025-09-05T01:44:17.654687Z|I|src/builder/mod.rs|40
Building site
2025-09-05T01:44:17.924757Z|I|src/builder/mod.rs|45
Reloading browser for: http://localhost:5444/
2025-09-05T01:44:26.075239Z|I|src/builder/mod.rs|40
Building site
2025-09-05T01:44:26.349808Z|I|src/builder/mod.rs|45
Reloading browser for: http://localhost:5444/
2025-09-05T01:44:35.239352Z|I|src/builder/mod.rs|40
Building site
2025-09-05T01:44:35.502727Z|I|src/builder/mod.rs|45
Reloading browser for: http://localhost:5444/
2025-09-05T01:44:49.783852Z|I|src/builder/mod.rs|40
Building site
2025-09-05T01:44:50.043831Z|I|src/builder/mod.rs|45
Reloading browser for: http://localhost:5444/
2025-09-05T01:45:14.596441Z|I|src/builder/mod.rs|40
Building site
2025-09-05T01:45:14.860647Z|I|src/builder/mod.rs|45
Reloading browser for: http://localhost:5444/
2025-09-05T01:45:28.835768Z|I|src/builder/mod.rs|40
Building site
2025-09-05T01:45:29.089821Z|I|src/builder/mod.rs|45
Reloading browser for: http://localhost:5444/
2025-09-05T01:46:23.775732Z|I|src/builder/mod.rs|40
Building site
2025-09-05T01:46:24.056457Z|I|src/builder/mod.rs|45
Reloading browser for: http://localhost:5444/
2025-09-05T01:46:26.415687Z|I|src/builder/mod.rs|40
Building site
2025-09-05T01:46:26.674385Z|I|src/builder/mod.rs|45
Reloading browser for: http://localhost:5444/
2025-09-05T01:46:27.401910Z|I|src/builder/mod.rs|40
Building site
2025-09-05T01:46:27.661554Z|I|src/builder/mod.rs|45
Reloading browser for: http://localhost:5444/
2025-09-05T01:46:28.745962Z|I|src/builder/mod.rs|40
Building site
2025-09-05T01:46:29.000321Z|I|src/builder/mod.rs|45
Reloading browser for: http://localhost:5444/
2025-09-05T01:46:29.413905Z|I|src/builder/mod.rs|40
Building site
2025-09-05T01:46:29.679095Z|I|src/builder/mod.rs|45
Reloading browser for: http://localhost:5444/
2025-09-05T01:46:33.970739Z|I|src/builder/mod.rs|40
Building site
2025-09-05T01:46:34.237222Z|I|src/builder/mod.rs|45
Reloading browser for: http://localhost:5444/
2025-09-05T01:47:29.225511Z|I|src/builder/mod.rs|40
Building site
2025-09-05T01:47:29.501598Z|I|src/builder/mod.rs|45
Reloading browser for: http://localhost:5444/
2025-09-05T01:47:31.910322Z|I|src/builder/mod.rs|40
Building site
2025-09-05T01:47:32.174936Z|I|src/builder/mod.rs|45
Reloading browser for: http://localhost:5444/
2025-09-05T01:48:03.381005Z|I|src/builder/mod.rs|40
Building site
2025-09-05T01:48:03.653267Z|I|src/builder/mod.rs|45
Reloading browser for: http://localhost:5444/
2025-09-05T01:49:35.619285Z|I|src/builder/mod.rs|40
Building site
2025-09-05T01:49:35.907869Z|I|src/builder/mod.rs|45
Reloading browser for: http://localhost:5444/
2025-09-05T01:49:39.592283Z|I|src/builder/mod.rs|40
Building site
2025-09-05T01:49:39.871546Z|I|src/builder/mod.rs|45
Reloading browser for: http://localhost:5444/
2025-09-05T01:49:42.184370Z|I|src/builder/mod.rs|40
Building site
2025-09-05T01:49:42.445225Z|I|src/builder/mod.rs|45
Reloading browser for: http://localhost:5444/
2025-09-05T01:49:47.223692Z|I|src/builder/mod.rs|40
Building site
2025-09-05T01:49:47.499937Z|I|src/builder/mod.rs|45
Reloading browser for: http://localhost:5444/
2025-09-05T01:49:50.759425Z|I|src/builder/mod.rs|40
Building site
2025-09-05T01:49:51.040235Z|I|src/builder/mod.rs|45
Reloading browser for: http://localhost:5444/
2025-09-05T01:49:53.667026Z|I|src/builder/mod.rs|40
Building site
2025-09-05T01:49:53.941630Z|I|src/builder/mod.rs|45
Reloading browser for: http://localhost:5444/
2025-09-05T01:50:03.531725Z|I|src/builder/mod.rs|40
Building site
2025-09-05T01:50:03.806803Z|I|src/builder/mod.rs|45
Reloading browser for: http://localhost:5444/
2025-09-05T01:50:09.710672Z|I|src/builder/mod.rs|40
Building site
2025-09-05T01:50:09.975889Z|I|src/builder/mod.rs|45
Reloading browser for: http://localhost:5444/
2025-09-05T01:50:41.874955Z|I|src/builder/mod.rs|40
Building site
2025-09-05T01:50:42.151597Z|I|src/builder/mod.rs|45
Reloading browser for: http://localhost:5444/
2025-09-05T01:51:24.909986Z|I|src/builder/mod.rs|40
Building site
2025-09-05T01:51:25.174203Z|I|src/builder/mod.rs|45
Reloading browser for: http://localhost:5444/
2025-09-05T01:51:40.238143Z|I|src/builder/mod.rs|40
Building site
2025-09-05T01:51:40.505203Z|I|src/builder/mod.rs|45
Reloading browser for: http://localhost:5444/
2025-09-05T01:52:15.308656Z|I|src/builder/mod.rs|40
Building site
2025-09-05T01:52:15.575130Z|I|src/builder/mod.rs|45
Reloading browser for: http://localhost:5444/
2025-09-05T01:52:41.707204Z|I|src/builder/mod.rs|40
Building site
2025-09-05T01:52:41.980822Z|I|src/builder/mod.rs|45
Reloading browser for: http://localhost:5444/
2025-09-05T01:52:51.039693Z|I|src/builder/mod.rs|40
Building site
2025-09-05T01:52:51.298023Z|I|src/builder/mod.rs|45
Reloading browser for: http://localhost:5444/
2025-09-05T01:52:58.385265Z|I|src/builder/mod.rs|40
Building site
2025-09-05T01:52:58.658211Z|I|src/builder/mod.rs|45
Reloading browser for: http://localhost:5444/
2025-09-05T01:53:47.858506Z|I|src/builder/mod.rs|40
Building site
2025-09-05T01:53:48.136531Z|I|src/builder/mod.rs|45
Reloading browser for: http://localhost:5444/
2025-09-05T01:54:29.953790Z|I|src/builder/mod.rs|40
Building site
2025-09-05T01:54:30.232566Z|I|src/builder/mod.rs|45
Reloading browser for: http://localhost:5444/
2025-09-05T01:54:54.734625Z|I|src/builder/mod.rs|40
Building site
2025-09-05T01:54:55.015213Z|I|src/builder/mod.rs|45
Reloading browser for: http://localhost:5444/
2025-09-05T01:55:53.741901Z|I|src/builder/mod.rs|40
Building site
2025-09-05T01:55:54.025657Z|I|src/builder/mod.rs|45
Reloading browser for: http://localhost:5444/
2025-09-05T01:56:00.878986Z|I|src/builder/mod.rs|40
Building site
2025-09-05T01:56:01.173416Z|I|src/builder/mod.rs|45
Reloading browser for: http://localhost:5444/
2025-09-05T01:56:57.283005Z|I|src/builder/mod.rs|40
Building site
2025-09-05T01:56:57.559754Z|I|src/builder/mod.rs|45
Reloading browser for: http://localhost:5444/
2025-09-05T01:58:15.081548Z|I|src/builder/mod.rs|40
Building site
2025-09-05T01:58:15.348829Z|I|src/builder/mod.rs|45
Reloading browser for: http://localhost:5444/
2025-09-05T01:58:19.172960Z|I|src/builder/mod.rs|40
Building site
2025-09-05T01:58:19.449182Z|I|src/builder/mod.rs|45
Reloading browser for: http://localhost:5444/
2025-09-05T01:58:21.961591Z|I|src/builder/mod.rs|40
Building site
2025-09-05T01:58:22.239132Z|I|src/builder/mod.rs|45
Reloading browser for: http://localhost:5444/
2025-09-05T01:58:26.197217Z|I|src/builder/mod.rs|40
Building site
2025-09-05T01:58:26.483637Z|I|src/builder/mod.rs|45
Reloading browser for: http://localhost:5444/
2025-09-05T01:58:30.620888Z|I|src/builder/mod.rs|40
Building site
2025-09-05T01:58:30.897338Z|I|src/builder/mod.rs|45
Reloading browser for: http://localhost:5444/
2025-09-05T01:58:31.791753Z|I|src/builder/mod.rs|40
Building site
2025-09-05T01:58:32.071919Z|I|src/builder/mod.rs|45
Reloading browser for: http://localhost:5444/
2025-09-05T01:58:37.273634Z|I|src/builder/mod.rs|40
Building site
2025-09-05T01:58:37.539796Z|I|src/builder/mod.rs|45
Reloading browser for: http://localhost:5444/
2025-09-05T01:58:42.725464Z|I|src/builder/mod.rs|40
Building site
2025-09-05T01:58:42.999572Z|I|src/builder/mod.rs|45
Reloading browser for: http://localhost:5444/
2025-09-05T01:58:44.451821Z|I|src/builder/mod.rs|40
Building site
2025-09-05T01:58:44.722439Z|I|src/builder/mod.rs|45
Reloading browser for: http://localhost:5444/
2025-09-05T01:59:02.219027Z|I|src/builder/mod.rs|40
Building site
2025-09-05T01:59:02.503044Z|I|src/builder/mod.rs|45
Reloading browser for: http://localhost:5444/
2025-09-05T01:59:30.581883Z|I|src/builder/mod.rs|40
Building site
2025-09-05T01:59:30.870682Z|I|src/builder/mod.rs|45
Reloading browser for: http://localhost:5444/
2025-09-05T02:10:25.172308Z|I|src/builder/mod.rs|40
Building site
2025-09-05T02:10:25.461474Z|I|src/builder/mod.rs|45
Reloading browser for: http://localhost:5444/
2025-09-05T02:11:21.457480Z|I|src/builder/mod.rs|40
Building site
2025-09-05T02:11:21.758377Z|I|src/builder/mod.rs|45
Reloading browser for: http://localhost:5444/
2025-09-05T02:11:37.376872Z|I|src/builder/mod.rs|40
Building site
2025-09-05T02:11:37.689920Z|I|src/builder/mod.rs|45
Reloading browser for: http://localhost:5444/
2025-09-05T02:13:08.294575Z|I|src/builder/mod.rs|40
Building site
2025-09-05T02:13:08.568084Z|I|src/builder/mod.rs|45
Reloading browser for: http://localhost:5444/
2025-09-05T02:13:22.588943Z|I|src/builder/mod.rs|40
Building site
2025-09-05T02:13:22.860413Z|I|src/builder/mod.rs|45
Reloading browser for: http://localhost:5444/
2025-09-05T02:13:54.055245Z|I|src/builder/mod.rs|40
Building site
2025-09-05T02:13:54.338774Z|I|src/builder/mod.rs|45
Reloading browser for: http://localhost:5444/
2025-09-05T02:14:18.483173Z|I|src/builder/mod.rs|40
Building site
2025-09-05T02:14:18.762730Z|I|src/builder/mod.rs|45
Reloading browser for: http://localhost:5444/
2025-09-05T02:15:44.224139Z|I|src/builder/mod.rs|40
Building site
2025-09-05T02:15:44.503231Z|I|src/builder/mod.rs|45
Reloading browser for: http://localhost:5444/
